{"/home/kbogumil/Documents/VSC/codeworks/course/solo-project/BudgetBlocks/server/index.ts": {"path":"/home/kbogumil/Documents/VSC/codeworks/course/solo-project/BudgetBlocks/server/index.ts","statementMap":{"0":{"start":{"line":1,"column":0},"end":{"line":1,"column":30}},"1":{"start":{"line":2,"column":0},"end":{"line":2,"column":28}},"2":{"start":{"line":3,"column":0},"end":{"line":3,"column":38}},"3":{"start":{"line":4,"column":0},"end":{"line":4,"column":43}},"4":{"start":{"line":5,"column":0},"end":{"line":5,"column":30}},"5":{"start":{"line":6,"column":0},"end":{"line":6,"column":24}},"6":{"start":{"line":7,"column":0},"end":{"line":7,"column":33}},"7":{"start":{"line":8,"column":0},"end":{"line":8,"column":16}},"8":{"start":{"line":10,"column":0},"end":{"line":10,"column":30}},"9":{"start":{"line":12,"column":0},"end":{"line":12,"column":61}},"10":{"start":{"line":13,"column":0},"end":{"line":13,"column":68}},"11":{"start":{"line":15,"column":33},"end":{"line":15,"column":42}},"12":{"start":{"line":80,"column":2},"end":{"line":80,"column":5}},"13":{"start":{"line":17,"column":13},"end":{"line":17,"column":49}},"14":{"start":{"line":18,"column":26},"end":{"line":18,"column":55}},"15":{"start":{"line":20,"column":16},"end":{"line":23,"column":2}},"16":{"start":{"line":24,"column":0},"end":{"line":24,"column":17}},"17":{"start":{"line":26,"column":0},"end":{"line":42,"column":2}},"18":{"start":{"line":43,"column":0},"end":{"line":43,"column":32}},"19":{"start":{"line":44,"column":0},"end":{"line":44,"column":27}},"20":{"start":{"line":45,"column":0},"end":{"line":45,"column":26}},"21":{"start":{"line":46,"column":0},"end":{"line":46,"column":19}},"22":{"start":{"line":48,"column":0},"end":{"line":52,"column":3}},"23":{"start":{"line":49,"column":2},"end":{"line":49,"column":53}},"24":{"start":{"line":50,"column":2},"end":{"line":50,"column":84}},"25":{"start":{"line":51,"column":2},"end":{"line":51,"column":9}},"26":{"start":{"line":54,"column":0},"end":{"line":54,"column":48}},"27":{"start":{"line":55,"column":0},"end":{"line":55,"column":24}},"28":{"start":{"line":56,"column":0},"end":{"line":56,"column":26}},"29":{"start":{"line":58,"column":0},"end":{"line":66,"column":2}},"30":{"start":{"line":68,"column":0},"end":{"line":68,"column":23}},"31":{"start":{"line":70,"column":0},"end":{"line":70,"column":16}},"32":{"start":{"line":72,"column":0},"end":{"line":72,"column":22}},"33":{"start":{"line":73,"column":0},"end":{"line":73,"column":25}},"34":{"start":{"line":75,"column":0},"end":{"line":77,"column":3}},"35":{"start":{"line":76,"column":2},"end":{"line":76,"column":60}}},"fnMap":{"0":{"name":"(anonymous_7)","decl":{"start":{"line":48,"column":8},"end":{"line":48,"column":9}},"loc":{"start":{"line":48,"column":27},"end":{"line":52,"column":1}}},"1":{"name":"(anonymous_8)","decl":{"start":{"line":75,"column":17},"end":{"line":75,"column":20}},"loc":{"start":{"line":75,"column":22},"end":{"line":77,"column":1}}}},"branchMap":{"0":{"loc":{"start":{"line":17,"column":22},"end":{"line":17,"column":44}},"type":"binary-expr","locations":[{"start":{"line":17,"column":22},"end":{"line":17,"column":38}},{"start":{"line":17,"column":42},"end":{"line":17,"column":44}}]}},"s":{"0":1,"1":1,"2":1,"3":1,"4":1,"5":1,"6":1,"7":1,"8":1,"9":1,"10":1,"11":1,"12":1,"13":1,"14":1,"15":1,"16":1,"17":1,"18":1,"19":1,"20":1,"21":1,"22":1,"23":1,"24":1,"25":1,"26":1,"27":1,"28":1,"29":1,"30":1,"31":1,"32":1,"33":1,"34":1,"35":0},"f":{"0":1,"1":0},"b":{"0":[1,0]}}
,"/home/kbogumil/Documents/VSC/codeworks/course/solo-project/BudgetBlocks/server/router.ts": {"path":"/home/kbogumil/Documents/VSC/codeworks/course/solo-project/BudgetBlocks/server/router.ts","statementMap":{"0":{"start":{"line":1,"column":0},"end":{"line":1,"column":30}},"1":{"start":{"line":3,"column":0},"end":{"line":3,"column":null}},"2":{"start":{"line":7,"column":0},"end":{"line":7,"column":null}},"3":{"start":{"line":12,"column":0},"end":{"line":12,"column":null}},"4":{"start":{"line":23,"column":0},"end":{"line":23,"column":null}},"5":{"start":{"line":31,"column":0},"end":{"line":31,"column":null}},"6":{"start":{"line":37,"column":0},"end":{"line":37,"column":null}},"7":{"start":{"line":41,"column":0},"end":{"line":41,"column":null}},"8":{"start":{"line":45,"column":0},"end":{"line":45,"column":null}},"9":{"start":{"line":50,"column":0},"end":{"line":50,"column":null}},"10":{"start":{"line":62,"column":31},"end":{"line":62,"column":47}},"11":{"start":{"line":64,"column":0},"end":{"line":64,"column":61}},"12":{"start":{"line":65,"column":0},"end":{"line":65,"column":80}},"13":{"start":{"line":67,"column":0},"end":{"line":67,"column":94}},"14":{"start":{"line":68,"column":0},"end":{"line":68,"column":95}},"15":{"start":{"line":69,"column":0},"end":{"line":69,"column":97}},"16":{"start":{"line":70,"column":0},"end":{"line":70,"column":101}},"17":{"start":{"line":72,"column":0},"end":{"line":72,"column":113}},"18":{"start":{"line":73,"column":0},"end":{"line":73,"column":114}},"19":{"start":{"line":74,"column":0},"end":{"line":74,"column":116}},"20":{"start":{"line":75,"column":0},"end":{"line":75,"column":120}},"21":{"start":{"line":77,"column":0},"end":{"line":77,"column":109}},"22":{"start":{"line":78,"column":0},"end":{"line":78,"column":115}},"23":{"start":{"line":80,"column":0},"end":{"line":80,"column":123}},"24":{"start":{"line":82,"column":0},"end":{"line":82,"column":107}},"25":{"start":{"line":83,"column":0},"end":{"line":83,"column":105}},"26":{"start":{"line":84,"column":0},"end":{"line":84,"column":108}},"27":{"start":{"line":86,"column":0},"end":{"line":86,"column":118}},"28":{"start":{"line":88,"column":0},"end":{"line":88,"column":85}},"29":{"start":{"line":89,"column":0},"end":{"line":89,"column":85}},"30":{"start":{"line":91,"column":0},"end":{"line":91,"column":116}},"31":{"start":{"line":93,"column":0},"end":{"line":93,"column":107}},"32":{"start":{"line":94,"column":0},"end":{"line":94,"column":123}},"33":{"start":{"line":96,"column":0},"end":{"line":96,"column":22}}},"fnMap":{},"branchMap":{},"s":{"0":1,"1":1,"2":1,"3":1,"4":1,"5":1,"6":1,"7":1,"8":1,"9":1,"10":1,"11":1,"12":1,"13":1,"14":1,"15":1,"16":1,"17":1,"18":1,"19":1,"20":1,"21":1,"22":1,"23":1,"24":1,"25":1,"26":1,"27":1,"28":1,"29":1,"30":1,"31":1,"32":1,"33":1},"f":{},"b":{}}
,"/home/kbogumil/Documents/VSC/codeworks/course/solo-project/BudgetBlocks/server/controllers/categories.ts": {"path":"/home/kbogumil/Documents/VSC/codeworks/course/solo-project/BudgetBlocks/server/controllers/categories.ts","statementMap":{"0":{"start":{"line":4,"column":0},"end":{"line":4,"column":null}},"1":{"start":{"line":13,"column":2},"end":{"line":22,"column":null}},"2":{"start":{"line":14,"column":23},"end":{"line":14,"column":52}},"3":{"start":{"line":15,"column":20},"end":{"line":15,"column":46}},"4":{"start":{"line":16,"column":21},"end":{"line":16,"column":68}},"5":{"start":{"line":17,"column":4},"end":{"line":17,"column":20}},"6":{"start":{"line":18,"column":4},"end":{"line":18,"column":23}},"7":{"start":{"line":20,"column":4},"end":{"line":20,"column":30}},"8":{"start":{"line":21,"column":4},"end":{"line":21,"column":24}},"9":{"start":{"line":26,"column":2},"end":{"line":26,"column":15}}},"fnMap":{"0":{"name":"changeOrderId","decl":{"start":{"line":8,"column":15},"end":{"line":8,"column":28}},"loc":{"start":{"line":11,"column":25},"end":{"line":23,"column":null}}}},"branchMap":{},"s":{"0":1,"1":0,"2":0,"3":0,"4":0,"5":0,"6":0,"7":0,"8":0,"9":1},"f":{"0":0},"b":{}}
,"/home/kbogumil/Documents/VSC/codeworks/course/solo-project/BudgetBlocks/server/controllers/comments.ts": {"path":"/home/kbogumil/Documents/VSC/codeworks/course/solo-project/BudgetBlocks/server/controllers/comments.ts","statementMap":{"0":{"start":{"line":4,"column":0},"end":{"line":4,"column":null}},"1":{"start":{"line":9,"column":0},"end":{"line":9,"column":48}},"2":{"start":{"line":12,"column":2},"end":{"line":20,"column":null}},"3":{"start":{"line":13,"column":22},"end":{"line":13,"column":50}},"4":{"start":{"line":14,"column":21},"end":{"line":14,"column":55}},"5":{"start":{"line":15,"column":4},"end":{"line":15,"column":20}},"6":{"start":{"line":16,"column":4},"end":{"line":16,"column":23}},"7":{"start":{"line":18,"column":4},"end":{"line":18,"column":30}},"8":{"start":{"line":19,"column":4},"end":{"line":19,"column":24}},"9":{"start":{"line":55,"column":2},"end":{"line":55,"column":16}},"10":{"start":{"line":24,"column":2},"end":{"line":39,"column":null}},"11":{"start":{"line":25,"column":22},"end":{"line":25,"column":50}},"12":{"start":{"line":26,"column":17},"end":{"line":26,"column":25}},"13":{"start":{"line":28,"column":20},"end":{"line":28,"column":47}},"14":{"start":{"line":29,"column":17},"end":{"line":29,"column":45}},"15":{"start":{"line":30,"column":19},"end":{"line":30,"column":32}},"16":{"start":{"line":32,"column":23},"end":{"line":32,"column":69}},"17":{"start":{"line":34,"column":4},"end":{"line":34,"column":20}},"18":{"start":{"line":35,"column":4},"end":{"line":35,"column":25}},"19":{"start":{"line":37,"column":4},"end":{"line":37,"column":30}},"20":{"start":{"line":38,"column":4},"end":{"line":38,"column":24}},"21":{"start":{"line":56,"column":2},"end":{"line":56,"column":13}},"22":{"start":{"line":43,"column":2},"end":{"line":51,"column":null}},"23":{"start":{"line":44,"column":15},"end":{"line":44,"column":43}},"24":{"start":{"line":45,"column":20},"end":{"line":45,"column":49}},"25":{"start":{"line":46,"column":4},"end":{"line":46,"column":20}},"26":{"start":{"line":47,"column":4},"end":{"line":47,"column":22}},"27":{"start":{"line":49,"column":4},"end":{"line":49,"column":30}},"28":{"start":{"line":50,"column":4},"end":{"line":50,"column":24}},"29":{"start":{"line":57,"column":2},"end":{"line":57,"column":15}}},"fnMap":{"0":{"name":"getAllComments","decl":{"start":{"line":11,"column":15},"end":{"line":11,"column":29}},"loc":{"start":{"line":11,"column":73},"end":{"line":21,"column":null}}},"1":{"name":"saveComment","decl":{"start":{"line":23,"column":15},"end":{"line":23,"column":26}},"loc":{"start":{"line":23,"column":128},"end":{"line":40,"column":null}}},"2":{"name":"deleteComment","decl":{"start":{"line":42,"column":15},"end":{"line":42,"column":28}},"loc":{"start":{"line":42,"column":72},"end":{"line":52,"column":null}}}},"branchMap":{"0":{"loc":{"start":{"line":28,"column":20},"end":{"line":28,"column":47}},"type":"binary-expr","locations":[{"start":{"line":28,"column":20},"end":{"line":28,"column":41}},{"start":{"line":28,"column":45},"end":{"line":28,"column":47}}]},"1":{"loc":{"start":{"line":28,"column":20},"end":{"line":28,"column":41}},"type":"cond-expr","locations":[{"start":{"line":28,"column":28},"end":{"line":28,"column":30}},{"start":{"line":28,"column":28},"end":{"line":28,"column":41}}]},"2":{"loc":{"start":{"line":28,"column":20},"end":{"line":28,"column":30}},"type":"binary-expr","locations":[{"start":{"line":28,"column":20},"end":{"line":28,"column":30}},{"start":{"line":28,"column":28},"end":{"line":28,"column":30}}]},"3":{"loc":{"start":{"line":30,"column":19},"end":{"line":30,"column":32}},"type":"binary-expr","locations":[{"start":{"line":30,"column":19},"end":{"line":30,"column":27}},{"start":{"line":30,"column":31},"end":{"line":30,"column":32}}]},"4":{"loc":{"start":{"line":30,"column":19},"end":{"line":30,"column":27}},"type":"cond-expr","locations":[{"start":{"line":30,"column":23},"end":{"line":30,"column":25}},{"start":{"line":30,"column":19},"end":{"line":30,"column":27}}]},"5":{"loc":{"start":{"line":30,"column":19},"end":{"line":30,"column":25}},"type":"binary-expr","locations":[{"start":{"line":30,"column":19},"end":{"line":30,"column":25}},{"start":{"line":30,"column":19},"end":{"line":30,"column":25}}]}},"s":{"0":1,"1":1,"2":0,"3":0,"4":0,"5":0,"6":0,"7":0,"8":0,"9":1,"10":0,"11":0,"12":0,"13":0,"14":0,"15":0,"16":0,"17":0,"18":0,"19":0,"20":0,"21":1,"22":0,"23":0,"24":0,"25":0,"26":0,"27":0,"28":0,"29":1},"f":{"0":0,"1":0,"2":0},"b":{"0":[0,0],"1":[0,0],"2":[0,0],"3":[0,0],"4":[0,0],"5":[0,0]}}
,"/home/kbogumil/Documents/VSC/codeworks/course/solo-project/BudgetBlocks/server/controllers/currencies.ts": {"path":"/home/kbogumil/Documents/VSC/codeworks/course/solo-project/BudgetBlocks/server/controllers/currencies.ts","statementMap":{"0":{"start":{"line":2,"column":0},"end":{"line":2,"column":33}},"1":{"start":{"line":3,"column":0},"end":{"line":3,"column":16}},"2":{"start":{"line":5,"column":12},"end":{"line":5,"column":32}},"3":{"start":{"line":6,"column":22},"end":{"line":6,"column":43}},"4":{"start":{"line":8,"column":12},"end":{"line":8,"column":57}},"5":{"start":{"line":9,"column":16},"end":{"line":9,"column":63}},"6":{"start":{"line":11,"column":26},"end":{"line":18,"column":2}},"7":{"start":{"line":21,"column":2},"end":{"line":36,"column":null}},"8":{"start":{"line":22,"column":17},"end":{"line":22,"column":32}},"9":{"start":{"line":24,"column":21},"end":{"line":26,"column":30}},"10":{"start":{"line":25,"column":19},"end":{"line":25,"column":64}},"11":{"start":{"line":26,"column":19},"end":{"line":26,"column":29}},"12":{"start":{"line":29,"column":4},"end":{"line":29,"column":78}},"13":{"start":{"line":29,"column":47},"end":{"line":29,"column":78}},"14":{"start":{"line":31,"column":4},"end":{"line":31,"column":20}},"15":{"start":{"line":32,"column":4},"end":{"line":32,"column":25}},"16":{"start":{"line":34,"column":4},"end":{"line":34,"column":30}},"17":{"start":{"line":35,"column":4},"end":{"line":35,"column":24}},"18":{"start":{"line":40,"column":2},"end":{"line":40,"column":18}}},"fnMap":{"0":{"name":"getCurrencyRates","decl":{"start":{"line":20,"column":15},"end":{"line":20,"column":31}},"loc":{"start":{"line":20,"column":75},"end":{"line":37,"column":null}}},"1":{"name":"(anonymous_15)","decl":{"start":{"line":25,"column":12},"end":{"line":25,"column":15}},"loc":{"start":{"line":25,"column":19},"end":{"line":25,"column":64}}},"2":{"name":"(anonymous_16)","decl":{"start":{"line":26,"column":12},"end":{"line":26,"column":15}},"loc":{"start":{"line":26,"column":19},"end":{"line":26,"column":29}}}},"branchMap":{"0":{"loc":{"start":{"line":25,"column":19},"end":{"line":25,"column":64}},"type":"cond-expr","locations":[{"start":{"line":25,"column":39},"end":{"line":25,"column":42}},{"start":{"line":25,"column":45},"end":{"line":25,"column":64}}]},"1":{"loc":{"start":{"line":29,"column":4},"end":{"line":29,"column":78}},"type":"if","locations":[{"start":{"line":29,"column":4},"end":{"line":29,"column":78}}]},"2":{"loc":{"start":{"line":29,"column":8},"end":{"line":29,"column":45}},"type":"binary-expr","locations":[{"start":{"line":29,"column":8},"end":{"line":29,"column":22}},{"start":{"line":29,"column":26},"end":{"line":29,"column":45}}]}},"s":{"0":1,"1":1,"2":1,"3":1,"4":1,"5":1,"6":1,"7":0,"8":0,"9":0,"10":0,"11":0,"12":0,"13":0,"14":0,"15":0,"16":0,"17":0,"18":1},"f":{"0":0,"1":0,"2":0},"b":{"0":[0,0],"1":[0],"2":[0,0]}}
,"/home/kbogumil/Documents/VSC/codeworks/course/solo-project/BudgetBlocks/server/controllers/expenses.ts": {"path":"/home/kbogumil/Documents/VSC/codeworks/course/solo-project/BudgetBlocks/server/controllers/expenses.ts","statementMap":{"0":{"start":{"line":4,"column":0},"end":{"line":4,"column":null}},"1":{"start":{"line":17,"column":2},"end":{"line":28,"column":null}},"2":{"start":{"line":18,"column":22},"end":{"line":18,"column":50}},"3":{"start":{"line":19,"column":17},"end":{"line":19,"column":25}},"4":{"start":{"line":21,"column":23},"end":{"line":21,"column":61}},"5":{"start":{"line":23,"column":4},"end":{"line":23,"column":20}},"6":{"start":{"line":24,"column":4},"end":{"line":24,"column":25}},"7":{"start":{"line":26,"column":4},"end":{"line":26,"column":30}},"8":{"start":{"line":27,"column":4},"end":{"line":27,"column":24}},"9":{"start":{"line":96,"column":2},"end":{"line":96,"column":13}},"10":{"start":{"line":32,"column":2},"end":{"line":40,"column":null}},"11":{"start":{"line":33,"column":15},"end":{"line":33,"column":36}},"12":{"start":{"line":34,"column":20},"end":{"line":34,"column":46}},"13":{"start":{"line":35,"column":4},"end":{"line":35,"column":20}},"14":{"start":{"line":36,"column":4},"end":{"line":36,"column":22}},"15":{"start":{"line":38,"column":4},"end":{"line":38,"column":30}},"16":{"start":{"line":39,"column":4},"end":{"line":39,"column":24}},"17":{"start":{"line":97,"column":2},"end":{"line":97,"column":12}},"18":{"start":{"line":48,"column":2},"end":{"line":58,"column":null}},"19":{"start":{"line":49,"column":22},"end":{"line":49,"column":50}},"20":{"start":{"line":50,"column":15},"end":{"line":50,"column":36}},"21":{"start":{"line":51,"column":17},"end":{"line":51,"column":25}},"22":{"start":{"line":52,"column":20},"end":{"line":52,"column":64}},"23":{"start":{"line":53,"column":4},"end":{"line":53,"column":20}},"24":{"start":{"line":54,"column":4},"end":{"line":54,"column":22}},"25":{"start":{"line":56,"column":4},"end":{"line":56,"column":30}},"26":{"start":{"line":57,"column":4},"end":{"line":57,"column":24}},"27":{"start":{"line":98,"column":2},"end":{"line":98,"column":13}},"28":{"start":{"line":62,"column":2},"end":{"line":71,"column":null}},"29":{"start":{"line":63,"column":22},"end":{"line":63,"column":50}},"30":{"start":{"line":64,"column":15},"end":{"line":64,"column":36}},"31":{"start":{"line":65,"column":20},"end":{"line":65,"column":60}},"32":{"start":{"line":66,"column":4},"end":{"line":66,"column":20}},"33":{"start":{"line":67,"column":4},"end":{"line":67,"column":22}},"34":{"start":{"line":69,"column":4},"end":{"line":69,"column":30}},"35":{"start":{"line":70,"column":4},"end":{"line":70,"column":24}},"36":{"start":{"line":99,"column":2},"end":{"line":99,"column":15}},"37":{"start":{"line":75,"column":2},"end":{"line":91,"column":null}},"38":{"start":{"line":76,"column":22},"end":{"line":76,"column":43}},"39":{"start":{"line":77,"column":22},"end":{"line":77,"column":42}},"40":{"start":{"line":78,"column":20},"end":{"line":78,"column":47}},"41":{"start":{"line":80,"column":4},"end":{"line":87,"column":null}},"42":{"start":{"line":81,"column":22},"end":{"line":81,"column":74}},"43":{"start":{"line":82,"column":6},"end":{"line":82,"column":22}},"44":{"start":{"line":83,"column":6},"end":{"line":83,"column":24}},"45":{"start":{"line":85,"column":6},"end":{"line":85,"column":51}},"46":{"start":{"line":86,"column":6},"end":{"line":86,"column":26}},"47":{"start":{"line":89,"column":4},"end":{"line":89,"column":30}},"48":{"start":{"line":90,"column":4},"end":{"line":90,"column":24}},"49":{"start":{"line":100,"column":2},"end":{"line":100,"column":6}}},"fnMap":{"0":{"name":"saveExpense","decl":{"start":{"line":12,"column":15},"end":{"line":12,"column":26}},"loc":{"start":{"line":15,"column":25},"end":{"line":29,"column":null}}},"1":{"name":"getExpense","decl":{"start":{"line":31,"column":15},"end":{"line":31,"column":25}},"loc":{"start":{"line":31,"column":69},"end":{"line":41,"column":null}}},"2":{"name":"editExpense","decl":{"start":{"line":43,"column":15},"end":{"line":43,"column":26}},"loc":{"start":{"line":46,"column":25},"end":{"line":59,"column":null}}},"3":{"name":"deleteExpense","decl":{"start":{"line":61,"column":15},"end":{"line":61,"column":28}},"loc":{"start":{"line":61,"column":72},"end":{"line":72,"column":null}}},"4":{"name":"vote","decl":{"start":{"line":74,"column":15},"end":{"line":74,"column":19}},"loc":{"start":{"line":74,"column":63},"end":{"line":92,"column":null}}}},"branchMap":{"0":{"loc":{"start":{"line":78,"column":20},"end":{"line":78,"column":47}},"type":"binary-expr","locations":[{"start":{"line":78,"column":20},"end":{"line":78,"column":41}},{"start":{"line":78,"column":45},"end":{"line":78,"column":47}}]},"1":{"loc":{"start":{"line":78,"column":20},"end":{"line":78,"column":41}},"type":"cond-expr","locations":[{"start":{"line":78,"column":28},"end":{"line":78,"column":30}},{"start":{"line":78,"column":28},"end":{"line":78,"column":41}}]},"2":{"loc":{"start":{"line":78,"column":20},"end":{"line":78,"column":30}},"type":"binary-expr","locations":[{"start":{"line":78,"column":20},"end":{"line":78,"column":30}},{"start":{"line":78,"column":28},"end":{"line":78,"column":30}}]},"3":{"loc":{"start":{"line":80,"column":4},"end":{"line":87,"column":null}},"type":"if","locations":[{"start":{"line":80,"column":4},"end":{"line":87,"column":null}},{"start":{"line":84,"column":11},"end":{"line":87,"column":null}}]}},"s":{"0":1,"1":0,"2":0,"3":0,"4":0,"5":0,"6":0,"7":0,"8":0,"9":1,"10":0,"11":0,"12":0,"13":0,"14":0,"15":0,"16":0,"17":1,"18":0,"19":0,"20":0,"21":0,"22":0,"23":0,"24":0,"25":0,"26":0,"27":1,"28":0,"29":0,"30":0,"31":0,"32":0,"33":0,"34":0,"35":0,"36":1,"37":0,"38":0,"39":0,"40":0,"41":0,"42":0,"43":0,"44":0,"45":0,"46":0,"47":0,"48":0,"49":1},"f":{"0":0,"1":0,"2":0,"3":0,"4":0},"b":{"0":[0,0],"1":[0,0],"2":[0,0],"3":[0,0]}}
,"/home/kbogumil/Documents/VSC/codeworks/course/solo-project/BudgetBlocks/server/controllers/openai.ts": {"path":"/home/kbogumil/Documents/VSC/codeworks/course/solo-project/BudgetBlocks/server/controllers/openai.ts","statementMap":{"0":{"start":{"line":2,"column":0},"end":{"line":2,"column":60}},"1":{"start":{"line":3,"column":0},"end":{"line":3,"column":33}},"2":{"start":{"line":5,"column":0},"end":{"line":5,"column":16}},"3":{"start":{"line":7,"column":12},"end":{"line":7,"column":32}},"4":{"start":{"line":8,"column":22},"end":{"line":8,"column":43}},"5":{"start":{"line":10,"column":16},"end":{"line":13,"column":2}},"6":{"start":{"line":15,"column":22},"end":{"line":19,"column":2}},"7":{"start":{"line":21,"column":24},"end":{"line":24,"column":2}},"8":{"start":{"line":26,"column":12},"end":{"line":26,"column":56}},"9":{"start":{"line":27,"column":16},"end":{"line":30,"column":2}},"10":{"start":{"line":31,"column":13},"end":{"line":37,"column":2}},"11":{"start":{"line":44,"column":2},"end":{"line":85,"column":null}},"12":{"start":{"line":45,"column":22},"end":{"line":45,"column":50}},"13":{"start":{"line":46,"column":24},"end":{"line":46,"column":63}},"14":{"start":{"line":47,"column":4},"end":{"line":47,"column":60}},"15":{"start":{"line":47,"column":22},"end":{"line":47,"column":60}},"16":{"start":{"line":49,"column":19},"end":{"line":49,"column":62}},"17":{"start":{"line":51,"column":17},"end":{"line":51,"column":18}},"18":{"start":{"line":52,"column":4},"end":{"line":80,"column":null}},"19":{"start":{"line":53,"column":23},"end":{"line":65,"column":8}},"20":{"start":{"line":67,"column":27},"end":{"line":67,"column":48}},"21":{"start":{"line":68,"column":6},"end":{"line":76,"column":null}},"22":{"start":{"line":69,"column":8},"end":{"line":69,"column":65}},"23":{"start":{"line":70,"column":8},"end":{"line":70,"column":24}},"24":{"start":{"line":71,"column":8},"end":{"line":71,"column":29}},"25":{"start":{"line":73,"column":8},"end":{"line":73,"column":34}},"26":{"start":{"line":74,"column":8},"end":{"line":74,"column":28}},"27":{"start":{"line":75,"column":8},"end":{"line":75,"column":15}},"28":{"start":{"line":78,"column":6},"end":{"line":78,"column":22}},"29":{"start":{"line":79,"column":6},"end":{"line":79,"column":27}},"30":{"start":{"line":83,"column":4},"end":{"line":83,"column":30}},"31":{"start":{"line":84,"column":4},"end":{"line":84,"column":24}},"32":{"start":{"line":135,"column":2},"end":{"line":135,"column":18}},"33":{"start":{"line":93,"column":2},"end":{"line":131,"column":null}},"34":{"start":{"line":94,"column":22},"end":{"line":94,"column":50}},"35":{"start":{"line":95,"column":24},"end":{"line":95,"column":63}},"36":{"start":{"line":96,"column":4},"end":{"line":96,"column":60}},"37":{"start":{"line":96,"column":22},"end":{"line":96,"column":60}},"38":{"start":{"line":98,"column":19},"end":{"line":98,"column":64}},"39":{"start":{"line":100,"column":21},"end":{"line":100,"column":23}},"40":{"start":{"line":101,"column":4},"end":{"line":124,"column":null}},"41":{"start":{"line":102,"column":23},"end":{"line":114,"column":8}},"42":{"start":{"line":116,"column":27},"end":{"line":116,"column":48}},"43":{"start":{"line":117,"column":6},"end":{"line":123,"column":null}},"44":{"start":{"line":118,"column":8},"end":{"line":118,"column":61}},"45":{"start":{"line":120,"column":8},"end":{"line":120,"column":34}},"46":{"start":{"line":121,"column":8},"end":{"line":121,"column":28}},"47":{"start":{"line":122,"column":8},"end":{"line":122,"column":15}},"48":{"start":{"line":125,"column":4},"end":{"line":125,"column":20}},"49":{"start":{"line":126,"column":4},"end":{"line":126,"column":29}},"50":{"start":{"line":129,"column":4},"end":{"line":129,"column":30}},"51":{"start":{"line":130,"column":4},"end":{"line":130,"column":24}},"52":{"start":{"line":136,"column":2},"end":{"line":136,"column":22}}},"fnMap":{"0":{"name":"getProjectRating","decl":{"start":{"line":39,"column":15},"end":{"line":39,"column":31}},"loc":{"start":{"line":42,"column":25},"end":{"line":86,"column":null}}},"1":{"name":"getMissingCategories","decl":{"start":{"line":88,"column":15},"end":{"line":88,"column":35}},"loc":{"start":{"line":91,"column":25},"end":{"line":132,"column":null}}}},"branchMap":{"0":{"loc":{"start":{"line":47,"column":4},"end":{"line":47,"column":60}},"type":"if","locations":[{"start":{"line":47,"column":4},"end":{"line":47,"column":60}}]},"1":{"loc":{"start":{"line":52,"column":4},"end":{"line":80,"column":null}},"type":"if","locations":[{"start":{"line":52,"column":4},"end":{"line":80,"column":null}},{"start":{"line":77,"column":11},"end":{"line":80,"column":null}}]},"2":{"loc":{"start":{"line":68,"column":6},"end":{"line":76,"column":null}},"type":"if","locations":[{"start":{"line":68,"column":6},"end":{"line":76,"column":null}},{"start":{"line":72,"column":13},"end":{"line":76,"column":null}}]},"3":{"loc":{"start":{"line":96,"column":4},"end":{"line":96,"column":60}},"type":"if","locations":[{"start":{"line":96,"column":4},"end":{"line":96,"column":60}}]},"4":{"loc":{"start":{"line":101,"column":4},"end":{"line":124,"column":null}},"type":"if","locations":[{"start":{"line":101,"column":4},"end":{"line":124,"column":null}}]},"5":{"loc":{"start":{"line":117,"column":6},"end":{"line":123,"column":null}},"type":"if","locations":[{"start":{"line":117,"column":6},"end":{"line":123,"column":null}},{"start":{"line":119,"column":13},"end":{"line":123,"column":null}}]}},"s":{"0":1,"1":1,"2":1,"3":1,"4":1,"5":1,"6":1,"7":1,"8":1,"9":1,"10":1,"11":0,"12":0,"13":0,"14":0,"15":0,"16":0,"17":0,"18":0,"19":0,"20":0,"21":0,"22":0,"23":0,"24":0,"25":0,"26":0,"27":0,"28":0,"29":0,"30":0,"31":0,"32":1,"33":0,"34":0,"35":0,"36":0,"37":0,"38":0,"39":0,"40":0,"41":0,"42":0,"43":0,"44":0,"45":0,"46":0,"47":0,"48":0,"49":0,"50":0,"51":0,"52":1},"f":{"0":0,"1":0},"b":{"0":[0],"1":[0,0],"2":[0,0],"3":[0],"4":[0],"5":[0,0]}}
,"/home/kbogumil/Documents/VSC/codeworks/course/solo-project/BudgetBlocks/server/controllers/projects.ts": {"path":"/home/kbogumil/Documents/VSC/codeworks/course/solo-project/BudgetBlocks/server/controllers/projects.ts","statementMap":{"0":{"start":{"line":4,"column":0},"end":{"line":4,"column":null}},"1":{"start":{"line":20,"column":2},"end":{"line":31,"column":null}},"2":{"start":{"line":21,"column":24},"end":{"line":21,"column":32}},"3":{"start":{"line":22,"column":20},"end":{"line":22,"column":47}},"4":{"start":{"line":24,"column":23},"end":{"line":24,"column":66}},"5":{"start":{"line":26,"column":4},"end":{"line":26,"column":20}},"6":{"start":{"line":27,"column":4},"end":{"line":27,"column":25}},"7":{"start":{"line":29,"column":4},"end":{"line":29,"column":30}},"8":{"start":{"line":30,"column":4},"end":{"line":30,"column":24}},"9":{"start":{"line":151,"column":2},"end":{"line":151,"column":13}},"10":{"start":{"line":35,"column":2},"end":{"line":48,"column":null}},"11":{"start":{"line":36,"column":20},"end":{"line":36,"column":47}},"12":{"start":{"line":37,"column":4},"end":{"line":44,"column":null}},"13":{"start":{"line":38,"column":23},"end":{"line":38,"column":55}},"14":{"start":{"line":39,"column":6},"end":{"line":39,"column":22}},"15":{"start":{"line":40,"column":6},"end":{"line":40,"column":25}},"16":{"start":{"line":42,"column":6},"end":{"line":42,"column":51}},"17":{"start":{"line":43,"column":6},"end":{"line":43,"column":26}},"18":{"start":{"line":46,"column":4},"end":{"line":46,"column":30}},"19":{"start":{"line":47,"column":4},"end":{"line":47,"column":24}},"20":{"start":{"line":149,"column":2},"end":{"line":149,"column":16}},"21":{"start":{"line":52,"column":2},"end":{"line":65,"column":null}},"22":{"start":{"line":53,"column":20},"end":{"line":53,"column":47}},"23":{"start":{"line":54,"column":4},"end":{"line":61,"column":null}},"24":{"start":{"line":55,"column":23},"end":{"line":55,"column":65}},"25":{"start":{"line":56,"column":6},"end":{"line":56,"column":22}},"26":{"start":{"line":57,"column":6},"end":{"line":57,"column":25}},"27":{"start":{"line":59,"column":6},"end":{"line":59,"column":51}},"28":{"start":{"line":60,"column":6},"end":{"line":60,"column":26}},"29":{"start":{"line":63,"column":4},"end":{"line":63,"column":30}},"30":{"start":{"line":64,"column":4},"end":{"line":64,"column":24}},"31":{"start":{"line":156,"column":2},"end":{"line":156,"column":23}},"32":{"start":{"line":69,"column":2},"end":{"line":77,"column":null}},"33":{"start":{"line":70,"column":15},"end":{"line":70,"column":36}},"34":{"start":{"line":71,"column":20},"end":{"line":71,"column":46}},"35":{"start":{"line":72,"column":4},"end":{"line":72,"column":20}},"36":{"start":{"line":73,"column":4},"end":{"line":73,"column":22}},"37":{"start":{"line":75,"column":4},"end":{"line":75,"column":30}},"38":{"start":{"line":76,"column":4},"end":{"line":76,"column":24}},"39":{"start":{"line":150,"column":2},"end":{"line":150,"column":12}},"40":{"start":{"line":85,"column":2},"end":{"line":94,"column":null}},"41":{"start":{"line":86,"column":15},"end":{"line":86,"column":36}},"42":{"start":{"line":87,"column":17},"end":{"line":87,"column":25}},"43":{"start":{"line":88,"column":20},"end":{"line":88,"column":53}},"44":{"start":{"line":89,"column":4},"end":{"line":89,"column":20}},"45":{"start":{"line":90,"column":4},"end":{"line":90,"column":22}},"46":{"start":{"line":92,"column":4},"end":{"line":92,"column":30}},"47":{"start":{"line":93,"column":4},"end":{"line":93,"column":24}},"48":{"start":{"line":152,"column":2},"end":{"line":152,"column":13}},"49":{"start":{"line":98,"column":2},"end":{"line":106,"column":null}},"50":{"start":{"line":99,"column":15},"end":{"line":99,"column":36}},"51":{"start":{"line":100,"column":20},"end":{"line":100,"column":50}},"52":{"start":{"line":101,"column":4},"end":{"line":101,"column":20}},"53":{"start":{"line":102,"column":4},"end":{"line":102,"column":22}},"54":{"start":{"line":104,"column":4},"end":{"line":104,"column":30}},"55":{"start":{"line":105,"column":4},"end":{"line":105,"column":24}},"56":{"start":{"line":153,"column":2},"end":{"line":153,"column":15}},"57":{"start":{"line":114,"column":2},"end":{"line":125,"column":null}},"58":{"start":{"line":115,"column":22},"end":{"line":115,"column":50}},"59":{"start":{"line":116,"column":18},"end":{"line":116,"column":32}},"60":{"start":{"line":118,"column":27},"end":{"line":118,"column":67}},"61":{"start":{"line":120,"column":4},"end":{"line":120,"column":20}},"62":{"start":{"line":121,"column":4},"end":{"line":121,"column":29}},"63":{"start":{"line":123,"column":4},"end":{"line":123,"column":30}},"64":{"start":{"line":124,"column":4},"end":{"line":124,"column":24}},"65":{"start":{"line":154,"column":2},"end":{"line":154,"column":9}},"66":{"start":{"line":133,"column":2},"end":{"line":144,"column":null}},"67":{"start":{"line":134,"column":22},"end":{"line":134,"column":50}},"68":{"start":{"line":135,"column":20},"end":{"line":135,"column":47}},"69":{"start":{"line":137,"column":27},"end":{"line":137,"column":71}},"70":{"start":{"line":139,"column":4},"end":{"line":139,"column":20}},"71":{"start":{"line":140,"column":4},"end":{"line":140,"column":29}},"72":{"start":{"line":142,"column":4},"end":{"line":142,"column":30}},"73":{"start":{"line":143,"column":4},"end":{"line":143,"column":24}},"74":{"start":{"line":155,"column":2},"end":{"line":155,"column":18}}},"fnMap":{"0":{"name":"saveProject","decl":{"start":{"line":15,"column":15},"end":{"line":15,"column":26}},"loc":{"start":{"line":18,"column":25},"end":{"line":32,"column":null}}},"1":{"name":"getAllProjects","decl":{"start":{"line":34,"column":15},"end":{"line":34,"column":29}},"loc":{"start":{"line":34,"column":73},"end":{"line":49,"column":null}}},"2":{"name":"getProjectInvitations","decl":{"start":{"line":51,"column":15},"end":{"line":51,"column":36}},"loc":{"start":{"line":51,"column":80},"end":{"line":66,"column":null}}},"3":{"name":"getProject","decl":{"start":{"line":68,"column":15},"end":{"line":68,"column":25}},"loc":{"start":{"line":68,"column":69},"end":{"line":78,"column":null}}},"4":{"name":"editProject","decl":{"start":{"line":80,"column":15},"end":{"line":80,"column":26}},"loc":{"start":{"line":83,"column":25},"end":{"line":95,"column":null}}},"5":{"name":"deleteProject","decl":{"start":{"line":97,"column":15},"end":{"line":97,"column":28}},"loc":{"start":{"line":97,"column":72},"end":{"line":107,"column":null}}},"6":{"name":"addUser","decl":{"start":{"line":109,"column":15},"end":{"line":109,"column":22}},"loc":{"start":{"line":112,"column":25},"end":{"line":126,"column":null}}},"7":{"name":"acceptInvitation","decl":{"start":{"line":128,"column":15},"end":{"line":128,"column":31}},"loc":{"start":{"line":131,"column":25},"end":{"line":145,"column":null}}}},"branchMap":{"0":{"loc":{"start":{"line":22,"column":20},"end":{"line":22,"column":47}},"type":"binary-expr","locations":[{"start":{"line":22,"column":20},"end":{"line":22,"column":41}},{"start":{"line":22,"column":45},"end":{"line":22,"column":47}}]},"1":{"loc":{"start":{"line":22,"column":20},"end":{"line":22,"column":41}},"type":"cond-expr","locations":[{"start":{"line":22,"column":28},"end":{"line":22,"column":30}},{"start":{"line":22,"column":28},"end":{"line":22,"column":41}}]},"2":{"loc":{"start":{"line":22,"column":20},"end":{"line":22,"column":30}},"type":"binary-expr","locations":[{"start":{"line":22,"column":20},"end":{"line":22,"column":30}},{"start":{"line":22,"column":28},"end":{"line":22,"column":30}}]},"3":{"loc":{"start":{"line":36,"column":20},"end":{"line":36,"column":47}},"type":"binary-expr","locations":[{"start":{"line":36,"column":20},"end":{"line":36,"column":41}},{"start":{"line":36,"column":45},"end":{"line":36,"column":47}}]},"4":{"loc":{"start":{"line":36,"column":20},"end":{"line":36,"column":41}},"type":"cond-expr","locations":[{"start":{"line":36,"column":28},"end":{"line":36,"column":30}},{"start":{"line":36,"column":28},"end":{"line":36,"column":41}}]},"5":{"loc":{"start":{"line":36,"column":20},"end":{"line":36,"column":30}},"type":"binary-expr","locations":[{"start":{"line":36,"column":20},"end":{"line":36,"column":30}},{"start":{"line":36,"column":28},"end":{"line":36,"column":30}}]},"6":{"loc":{"start":{"line":37,"column":4},"end":{"line":44,"column":null}},"type":"if","locations":[{"start":{"line":37,"column":4},"end":{"line":44,"column":null}},{"start":{"line":41,"column":11},"end":{"line":44,"column":null}}]},"7":{"loc":{"start":{"line":53,"column":20},"end":{"line":53,"column":47}},"type":"binary-expr","locations":[{"start":{"line":53,"column":20},"end":{"line":53,"column":41}},{"start":{"line":53,"column":45},"end":{"line":53,"column":47}}]},"8":{"loc":{"start":{"line":53,"column":20},"end":{"line":53,"column":41}},"type":"cond-expr","locations":[{"start":{"line":53,"column":28},"end":{"line":53,"column":30}},{"start":{"line":53,"column":28},"end":{"line":53,"column":41}}]},"9":{"loc":{"start":{"line":53,"column":20},"end":{"line":53,"column":30}},"type":"binary-expr","locations":[{"start":{"line":53,"column":20},"end":{"line":53,"column":30}},{"start":{"line":53,"column":28},"end":{"line":53,"column":30}}]},"10":{"loc":{"start":{"line":54,"column":4},"end":{"line":61,"column":null}},"type":"if","locations":[{"start":{"line":54,"column":4},"end":{"line":61,"column":null}},{"start":{"line":58,"column":11},"end":{"line":61,"column":null}}]},"11":{"loc":{"start":{"line":135,"column":20},"end":{"line":135,"column":47}},"type":"binary-expr","locations":[{"start":{"line":135,"column":20},"end":{"line":135,"column":41}},{"start":{"line":135,"column":45},"end":{"line":135,"column":47}}]},"12":{"loc":{"start":{"line":135,"column":20},"end":{"line":135,"column":41}},"type":"cond-expr","locations":[{"start":{"line":135,"column":28},"end":{"line":135,"column":30}},{"start":{"line":135,"column":28},"end":{"line":135,"column":41}}]},"13":{"loc":{"start":{"line":135,"column":20},"end":{"line":135,"column":30}},"type":"binary-expr","locations":[{"start":{"line":135,"column":20},"end":{"line":135,"column":30}},{"start":{"line":135,"column":28},"end":{"line":135,"column":30}}]}},"s":{"0":1,"1":0,"2":0,"3":0,"4":0,"5":0,"6":0,"7":0,"8":0,"9":1,"10":0,"11":0,"12":0,"13":0,"14":0,"15":0,"16":0,"17":0,"18":0,"19":0,"20":1,"21":0,"22":0,"23":0,"24":0,"25":0,"26":0,"27":0,"28":0,"29":0,"30":0,"31":1,"32":0,"33":0,"34":0,"35":0,"36":0,"37":0,"38":0,"39":1,"40":0,"41":0,"42":0,"43":0,"44":0,"45":0,"46":0,"47":0,"48":1,"49":0,"50":0,"51":0,"52":0,"53":0,"54":0,"55":0,"56":1,"57":0,"58":0,"59":0,"60":0,"61":0,"62":0,"63":0,"64":0,"65":1,"66":0,"67":0,"68":0,"69":0,"70":0,"71":0,"72":0,"73":0,"74":1},"f":{"0":0,"1":0,"2":0,"3":0,"4":0,"5":0,"6":0,"7":0},"b":{"0":[0,0],"1":[0,0],"2":[0,0],"3":[0,0],"4":[0,0],"5":[0,0],"6":[0,0],"7":[0,0],"8":[0,0],"9":[0,0],"10":[0,0],"11":[0,0],"12":[0,0],"13":[0,0]}}
,"/home/kbogumil/Documents/VSC/codeworks/course/solo-project/BudgetBlocks/server/controllers/users.ts": {"path":"/home/kbogumil/Documents/VSC/codeworks/course/solo-project/BudgetBlocks/server/controllers/users.ts","statementMap":{"0":{"start":{"line":4,"column":0},"end":{"line":4,"column":62}},"1":{"start":{"line":11,"column":2},"end":{"line":20,"column":null}},"2":{"start":{"line":12,"column":21},"end":{"line":12,"column":29}},"3":{"start":{"line":13,"column":20},"end":{"line":13,"column":48}},"4":{"start":{"line":15,"column":4},"end":{"line":15,"column":20}},"5":{"start":{"line":16,"column":4},"end":{"line":16,"column":22}},"6":{"start":{"line":18,"column":4},"end":{"line":18,"column":30}},"7":{"start":{"line":19,"column":4},"end":{"line":19,"column":24}},"8":{"start":{"line":41,"column":2},"end":{"line":41,"column":10}},"9":{"start":{"line":24,"column":2},"end":{"line":37,"column":null}},"10":{"start":{"line":25,"column":20},"end":{"line":25,"column":47}},"11":{"start":{"line":26,"column":4},"end":{"line":33,"column":null}},"12":{"start":{"line":27,"column":19},"end":{"line":27,"column":47}},"13":{"start":{"line":28,"column":6},"end":{"line":28,"column":22}},"14":{"start":{"line":29,"column":6},"end":{"line":29,"column":21}},"15":{"start":{"line":31,"column":6},"end":{"line":31,"column":51}},"16":{"start":{"line":32,"column":6},"end":{"line":32,"column":26}},"17":{"start":{"line":35,"column":4},"end":{"line":35,"column":30}},"18":{"start":{"line":36,"column":4},"end":{"line":36,"column":24}},"19":{"start":{"line":42,"column":2},"end":{"line":42,"column":9}}},"fnMap":{"0":{"name":"saveUser","decl":{"start":{"line":6,"column":15},"end":{"line":6,"column":23}},"loc":{"start":{"line":9,"column":25},"end":{"line":21,"column":null}}},"1":{"name":"getUser","decl":{"start":{"line":23,"column":15},"end":{"line":23,"column":22}},"loc":{"start":{"line":23,"column":66},"end":{"line":38,"column":null}}}},"branchMap":{"0":{"loc":{"start":{"line":25,"column":20},"end":{"line":25,"column":47}},"type":"binary-expr","locations":[{"start":{"line":25,"column":20},"end":{"line":25,"column":41}},{"start":{"line":25,"column":45},"end":{"line":25,"column":47}}]},"1":{"loc":{"start":{"line":25,"column":20},"end":{"line":25,"column":41}},"type":"cond-expr","locations":[{"start":{"line":25,"column":28},"end":{"line":25,"column":30}},{"start":{"line":25,"column":28},"end":{"line":25,"column":41}}]},"2":{"loc":{"start":{"line":25,"column":20},"end":{"line":25,"column":30}},"type":"binary-expr","locations":[{"start":{"line":25,"column":20},"end":{"line":25,"column":30}},{"start":{"line":25,"column":28},"end":{"line":25,"column":30}}]},"3":{"loc":{"start":{"line":26,"column":4},"end":{"line":33,"column":null}},"type":"if","locations":[{"start":{"line":26,"column":4},"end":{"line":33,"column":null}},{"start":{"line":30,"column":11},"end":{"line":33,"column":null}}]}},"s":{"0":1,"1":0,"2":0,"3":0,"4":0,"5":0,"6":0,"7":0,"8":1,"9":0,"10":0,"11":0,"12":0,"13":0,"14":0,"15":0,"16":0,"17":0,"18":0,"19":1},"f":{"0":0,"1":0},"b":{"0":[0,0],"1":[0,0],"2":[0,0],"3":[0,0]}}
,"/home/kbogumil/Documents/VSC/codeworks/course/solo-project/BudgetBlocks/server/middleware/auth0.middleware.ts": {"path":"/home/kbogumil/Documents/VSC/codeworks/course/solo-project/BudgetBlocks/server/middleware/auth0.middleware.ts","statementMap":{"0":{"start":{"line":1,"column":0},"end":{"line":1,"column":33}},"1":{"start":{"line":2,"column":0},"end":{"line":2,"column":null}},"2":{"start":{"line":6,"column":0},"end":{"line":6,"column":16}},"3":{"start":{"line":8,"column":13},"end":{"line":11,"column":3}}},"fnMap":{},"branchMap":{},"s":{"0":1,"1":1,"2":1,"3":1},"f":{},"b":{}}
,"/home/kbogumil/Documents/VSC/codeworks/course/solo-project/BudgetBlocks/server/middleware/error.middleware.ts": {"path":"/home/kbogumil/Documents/VSC/codeworks/course/solo-project/BudgetBlocks/server/middleware/error.middleware.ts","statementMap":{"0":{"start":{"line":2,"column":0},"end":{"line":2,"column":null}},"1":{"start":{"line":7,"column":28},"end":{"line":32,"column":1}},"2":{"start":{"line":12,"column":2},"end":{"line":18,"column":null}},"3":{"start":{"line":13,"column":20},"end":{"line":13,"column":37}},"4":{"start":{"line":15,"column":4},"end":{"line":15,"column":52}},"5":{"start":{"line":17,"column":4},"end":{"line":17,"column":11}},"6":{"start":{"line":20,"column":2},"end":{"line":26,"column":null}},"7":{"start":{"line":21,"column":20},"end":{"line":21,"column":45}},"8":{"start":{"line":23,"column":4},"end":{"line":23,"column":52}},"9":{"start":{"line":25,"column":4},"end":{"line":25,"column":11}},"10":{"start":{"line":28,"column":17},"end":{"line":28,"column":20}},"11":{"start":{"line":29,"column":18},"end":{"line":29,"column":41}},"12":{"start":{"line":31,"column":2},"end":{"line":31,"column":44}},"13":{"start":{"line":7,"column":13},"end":{"line":7,"column":28}}},"fnMap":{"0":{"name":"(anonymous_0)","decl":{"start":{"line":7,"column":28},"end":{"line":7,"column":null}},"loc":{"start":{"line":11,"column":4},"end":{"line":32,"column":1}}}},"branchMap":{"0":{"loc":{"start":{"line":12,"column":2},"end":{"line":18,"column":null}},"type":"if","locations":[{"start":{"line":12,"column":2},"end":{"line":18,"column":null}}]},"1":{"loc":{"start":{"line":20,"column":2},"end":{"line":26,"column":null}},"type":"if","locations":[{"start":{"line":20,"column":2},"end":{"line":26,"column":null}}]}},"s":{"0":1,"1":1,"2":0,"3":0,"4":0,"5":0,"6":0,"7":0,"8":0,"9":0,"10":0,"11":0,"12":0,"13":1},"f":{"0":0},"b":{"0":[0],"1":[0]}}
,"/home/kbogumil/Documents/VSC/codeworks/course/solo-project/BudgetBlocks/server/middleware/not-found.middleware.ts": {"path":"/home/kbogumil/Documents/VSC/codeworks/course/solo-project/BudgetBlocks/server/middleware/not-found.middleware.ts","statementMap":{"0":{"start":{"line":3,"column":31},"end":{"line":10,"column":1}},"1":{"start":{"line":7,"column":18},"end":{"line":7,"column":29}},"2":{"start":{"line":9,"column":2},"end":{"line":9,"column":41}},"3":{"start":{"line":3,"column":13},"end":{"line":3,"column":31}}},"fnMap":{"0":{"name":"(anonymous_0)","decl":{"start":{"line":3,"column":31},"end":{"line":3,"column":null}},"loc":{"start":{"line":6,"column":4},"end":{"line":10,"column":1}}}},"branchMap":{},"s":{"0":1,"1":0,"2":0,"3":1},"f":{"0":0},"b":{}}
,"/home/kbogumil/Documents/VSC/codeworks/course/solo-project/BudgetBlocks/server/middleware/sanitize.middleware.ts": {"path":"/home/kbogumil/Documents/VSC/codeworks/course/solo-project/BudgetBlocks/server/middleware/sanitize.middleware.ts","statementMap":{"0":{"start":{"line":2,"column":0},"end":{"line":2,"column":90}},"1":{"start":{"line":4,"column":30},"end":{"line":10,"column":1}},"2":{"start":{"line":5,"column":2},"end":{"line":9,"column":4}},"3":{"start":{"line":129,"column":2},"end":{"line":129,"column":23}},"4":{"start":{"line":12,"column":40},"end":{"line":16,"column":1}},"5":{"start":{"line":13,"column":2},"end":{"line":15,"column":4}},"6":{"start":{"line":130,"column":2},"end":{"line":130,"column":33}},"7":{"start":{"line":18,"column":34},"end":{"line":24,"column":1}},"8":{"start":{"line":19,"column":2},"end":{"line":23,"column":4}},"9":{"start":{"line":131,"column":2},"end":{"line":131,"column":27}},"10":{"start":{"line":26,"column":28},"end":{"line":34,"column":1}},"11":{"start":{"line":27,"column":2},"end":{"line":33,"column":4}},"12":{"start":{"line":132,"column":2},"end":{"line":132,"column":21}},"13":{"start":{"line":36,"column":31},"end":{"line":41,"column":1}},"14":{"start":{"line":37,"column":2},"end":{"line":40,"column":4}},"15":{"start":{"line":136,"column":2},"end":{"line":136,"column":24}},"16":{"start":{"line":43,"column":31},"end":{"line":48,"column":1}},"17":{"start":{"line":44,"column":2},"end":{"line":47,"column":4}},"18":{"start":{"line":133,"column":2},"end":{"line":133,"column":24}},"19":{"start":{"line":50,"column":31},"end":{"line":90,"column":1}},"20":{"start":{"line":51,"column":2},"end":{"line":89,"column":4}},"21":{"start":{"line":134,"column":2},"end":{"line":134,"column":24}},"22":{"start":{"line":92,"column":31},"end":{"line":108,"column":1}},"23":{"start":{"line":93,"column":2},"end":{"line":107,"column":4}},"24":{"start":{"line":135,"column":2},"end":{"line":135,"column":24}},"25":{"start":{"line":115,"column":17},"end":{"line":115,"column":42}},"26":{"start":{"line":116,"column":2},"end":{"line":118,"column":null}},"27":{"start":{"line":117,"column":4},"end":{"line":117,"column":null}},"28":{"start":{"line":119,"column":45},"end":{"line":119,"column":47}},"29":{"start":{"line":120,"column":2},"end":{"line":120,"column":null}},"30":{"start":{"line":120,"column":28},"end":{"line":120,"column":53}},"31":{"start":{"line":121,"column":2},"end":{"line":121,"column":31}},"32":{"start":{"line":123,"column":2},"end":{"line":125,"column":null}},"33":{"start":{"line":137,"column":2},"end":{"line":137,"column":10}}},"fnMap":{"0":{"name":"(anonymous_0)","decl":{"start":{"line":4,"column":30},"end":{"line":4,"column":33}},"loc":{"start":{"line":4,"column":35},"end":{"line":10,"column":1}}},"1":{"name":"(anonymous_1)","decl":{"start":{"line":12,"column":40},"end":{"line":12,"column":43}},"loc":{"start":{"line":12,"column":45},"end":{"line":16,"column":1}}},"2":{"name":"(anonymous_2)","decl":{"start":{"line":18,"column":34},"end":{"line":18,"column":37}},"loc":{"start":{"line":18,"column":39},"end":{"line":24,"column":1}}},"3":{"name":"(anonymous_3)","decl":{"start":{"line":26,"column":28},"end":{"line":26,"column":31}},"loc":{"start":{"line":26,"column":33},"end":{"line":34,"column":1}}},"4":{"name":"(anonymous_4)","decl":{"start":{"line":36,"column":31},"end":{"line":36,"column":34}},"loc":{"start":{"line":36,"column":36},"end":{"line":41,"column":1}}},"5":{"name":"(anonymous_5)","decl":{"start":{"line":43,"column":31},"end":{"line":43,"column":34}},"loc":{"start":{"line":43,"column":36},"end":{"line":48,"column":1}}},"6":{"name":"(anonymous_6)","decl":{"start":{"line":50,"column":31},"end":{"line":50,"column":34}},"loc":{"start":{"line":50,"column":36},"end":{"line":90,"column":1}}},"7":{"name":"(anonymous_7)","decl":{"start":{"line":92,"column":31},"end":{"line":92,"column":34}},"loc":{"start":{"line":92,"column":36},"end":{"line":108,"column":1}}},"8":{"name":"validate","decl":{"start":{"line":110,"column":9},"end":{"line":110,"column":17}},"loc":{"start":{"line":113,"column":20},"end":{"line":126,"column":1}}},"9":{"name":"(anonymous_9)","decl":{"start":{"line":120,"column":21},"end":{"line":120,"column":24}},"loc":{"start":{"line":120,"column":28},"end":{"line":120,"column":53}}}},"branchMap":{"0":{"loc":{"start":{"line":116,"column":2},"end":{"line":118,"column":null}},"type":"if","locations":[{"start":{"line":116,"column":2},"end":{"line":118,"column":null}}]}},"s":{"0":1,"1":1,"2":11,"3":1,"4":1,"5":1,"6":1,"7":1,"8":1,"9":1,"10":1,"11":1,"12":1,"13":1,"14":1,"15":1,"16":1,"17":1,"18":1,"19":1,"20":2,"21":1,"22":1,"23":2,"24":1,"25":0,"26":0,"27":0,"28":0,"29":0,"30":0,"31":0,"32":0,"33":1},"f":{"0":11,"1":1,"2":1,"3":1,"4":1,"5":1,"6":2,"7":2,"8":0,"9":0},"b":{"0":[0]}}
,"/home/kbogumil/Documents/VSC/codeworks/course/solo-project/BudgetBlocks/server/models/categories.ts": {"path":"/home/kbogumil/Documents/VSC/codeworks/course/solo-project/BudgetBlocks/server/models/categories.ts","statementMap":{"0":{"start":{"line":1,"column":0},"end":{"line":1,"column":30}},"1":{"start":{"line":6,"column":19},"end":{"line":16,"column":4}},"2":{"start":{"line":17,"column":2},"end":{"line":17,"column":18}},"3":{"start":{"line":78,"column":2},"end":{"line":78,"column":22}},"4":{"start":{"line":21,"column":19},"end":{"line":31,"column":4}},"5":{"start":{"line":32,"column":2},"end":{"line":32,"column":18}},"6":{"start":{"line":79,"column":2},"end":{"line":79,"column":23}},"7":{"start":{"line":40,"column":24},"end":{"line":48,"column":4}},"8":{"start":{"line":49,"column":2},"end":{"line":49,"column":23}},"9":{"start":{"line":80,"column":2},"end":{"line":80,"column":19}},"10":{"start":{"line":53,"column":22},"end":{"line":63,"column":4}},"11":{"start":{"line":64,"column":2},"end":{"line":64,"column":21}},"12":{"start":{"line":81,"column":2},"end":{"line":81,"column":18}},"13":{"start":{"line":68,"column":19},"end":{"line":72,"column":4}},"14":{"start":{"line":73,"column":2},"end":{"line":73,"column":18}},"15":{"start":{"line":82,"column":2},"end":{"line":82,"column":22}}},"fnMap":{"0":{"name":"updateCatOrderIdinDb","decl":{"start":{"line":5,"column":15},"end":{"line":5,"column":35}},"loc":{"start":{"line":5,"column":71},"end":{"line":18,"column":null}}},"1":{"name":"updateCatOptionalinDb","decl":{"start":{"line":20,"column":15},"end":{"line":20,"column":36}},"loc":{"start":{"line":20,"column":74},"end":{"line":33,"column":null}}},"2":{"name":"getCategoryFromDb","decl":{"start":{"line":35,"column":15},"end":{"line":35,"column":32}},"loc":{"start":{"line":38,"column":20},"end":{"line":50,"column":null}}},"3":{"name":"saveCategoryToDb","decl":{"start":{"line":52,"column":15},"end":{"line":52,"column":31}},"loc":{"start":{"line":52,"column":86},"end":{"line":65,"column":null}}},"4":{"name":"deleteCategoryFromDb","decl":{"start":{"line":67,"column":15},"end":{"line":67,"column":35}},"loc":{"start":{"line":67,"column":46},"end":{"line":74,"column":null}}}},"branchMap":{},"s":{"0":1,"1":0,"2":0,"3":1,"4":0,"5":0,"6":1,"7":0,"8":0,"9":1,"10":0,"11":0,"12":1,"13":0,"14":0,"15":1},"f":{"0":0,"1":0,"2":0,"3":0,"4":0},"b":{}}
,"/home/kbogumil/Documents/VSC/codeworks/course/solo-project/BudgetBlocks/server/models/comments.ts": {"path":"/home/kbogumil/Documents/VSC/codeworks/course/solo-project/BudgetBlocks/server/models/comments.ts","statementMap":{"0":{"start":{"line":1,"column":0},"end":{"line":1,"column":30}},"1":{"start":{"line":6,"column":18},"end":{"line":21,"column":4}},"2":{"start":{"line":23,"column":40},"end":{"line":23,"column":42}},"3":{"start":{"line":24,"column":2},"end":{"line":26,"column":5}},"4":{"start":{"line":25,"column":4},"end":{"line":25,"column":39}},"5":{"start":{"line":27,"column":2},"end":{"line":27,"column":21}},"6":{"start":{"line":68,"column":2},"end":{"line":68,"column":19}},"7":{"start":{"line":36,"column":21},"end":{"line":50,"column":4}},"8":{"start":{"line":52,"column":2},"end":{"line":52,"column":20}},"9":{"start":{"line":69,"column":2},"end":{"line":69,"column":17}},"10":{"start":{"line":56,"column":18},"end":{"line":63,"column":4}},"11":{"start":{"line":64,"column":2},"end":{"line":64,"column":17}},"12":{"start":{"line":70,"column":2},"end":{"line":70,"column":21}}},"fnMap":{"0":{"name":"getCommentsFromDB","decl":{"start":{"line":5,"column":15},"end":{"line":5,"column":32}},"loc":{"start":{"line":5,"column":50},"end":{"line":28,"column":null}}},"1":{"name":"(anonymous_10)","decl":{"start":{"line":24,"column":28},"end":{"line":24,"column":29}},"loc":{"start":{"line":24,"column":36},"end":{"line":26,"column":3}}},"2":{"name":"saveCommentToDb","decl":{"start":{"line":30,"column":15},"end":{"line":30,"column":30}},"loc":{"start":{"line":34,"column":35},"end":{"line":53,"column":null}}},"3":{"name":"deleteCommentFromDB","decl":{"start":{"line":55,"column":15},"end":{"line":55,"column":34}},"loc":{"start":{"line":55,"column":52},"end":{"line":65,"column":null}}}},"branchMap":{"0":{"loc":{"start":{"line":24,"column":2},"end":{"line":26,"column":4}},"type":"cond-expr","locations":[{"start":{"line":24,"column":9},"end":{"line":24,"column":11}},{"start":{"line":24,"column":2},"end":{"line":26,"column":4}}]},"1":{"loc":{"start":{"line":24,"column":2},"end":{"line":24,"column":11}},"type":"binary-expr","locations":[{"start":{"line":24,"column":2},"end":{"line":24,"column":11}},{"start":{"line":24,"column":2},"end":{"line":24,"column":11}}]}},"s":{"0":1,"1":0,"2":0,"3":0,"4":0,"5":0,"6":1,"7":0,"8":0,"9":1,"10":0,"11":0,"12":1},"f":{"0":0,"1":0,"2":0,"3":0},"b":{"0":[0,0],"1":[0,0]}}
,"/home/kbogumil/Documents/VSC/codeworks/course/solo-project/BudgetBlocks/server/models/expenses.ts": {"path":"/home/kbogumil/Documents/VSC/codeworks/course/solo-project/BudgetBlocks/server/models/expenses.ts","statementMap":{"0":{"start":{"line":1,"column":0},"end":{"line":1,"column":30}},"1":{"start":{"line":6,"column":0},"end":{"line":6,"column":null}},"2":{"start":{"line":157,"column":2},"end":{"line":8,"column":null}},"3":{"start":{"line":18,"column":23},"end":{"line":18,"column":69}},"4":{"start":{"line":19,"column":42},"end":{"line":19,"column":46}},"5":{"start":{"line":19,"column":37},"end":{"line":19,"column":42}},"6":{"start":{"line":21,"column":44},"end":{"line":22,"column":55}},"7":{"start":{"line":24,"column":21},"end":{"line":38,"column":4}},"8":{"start":{"line":39,"column":2},"end":{"line":39,"column":20}},"9":{"start":{"line":153,"column":2},"end":{"line":153,"column":17}},"10":{"start":{"line":48,"column":23},"end":{"line":48,"column":69}},"11":{"start":{"line":49,"column":42},"end":{"line":49,"column":46}},"12":{"start":{"line":49,"column":37},"end":{"line":49,"column":42}},"13":{"start":{"line":51,"column":42},"end":{"line":52,"column":55}},"14":{"start":{"line":53,"column":2},"end":{"line":55,"column":null}},"15":{"start":{"line":54,"column":4},"end":{"line":54,"column":83}},"16":{"start":{"line":57,"column":18},"end":{"line":71,"column":4}},"17":{"start":{"line":73,"column":2},"end":{"line":73,"column":17}},"18":{"start":{"line":154,"column":2},"end":{"line":154,"column":19}},"19":{"start":{"line":77,"column":18},"end":{"line":84,"column":4}},"20":{"start":{"line":85,"column":2},"end":{"line":85,"column":17}},"21":{"start":{"line":155,"column":2},"end":{"line":155,"column":18}},"22":{"start":{"line":89,"column":18},"end":{"line":96,"column":4}},"23":{"start":{"line":98,"column":19},"end":{"line":98,"column":80}},"24":{"start":{"line":99,"column":2},"end":{"line":99,"column":76}},"25":{"start":{"line":99,"column":34},"end":{"line":99,"column":76}},"26":{"start":{"line":101,"column":2},"end":{"line":101,"column":17}},"27":{"start":{"line":156,"column":2},"end":{"line":156,"column":21}},"28":{"start":{"line":111,"column":18},"end":{"line":115,"column":4}},"29":{"start":{"line":117,"column":26},"end":{"line":117,"column":48}},"30":{"start":{"line":118,"column":28},"end":{"line":118,"column":52}},"31":{"start":{"line":120,"column":2},"end":{"line":134,"column":null}},"32":{"start":{"line":121,"column":4},"end":{"line":126,"column":null}},"33":{"start":{"line":122,"column":6},"end":{"line":122,"column":55}},"34":{"start":{"line":122,"column":38},"end":{"line":122,"column":53}},"35":{"start":{"line":124,"column":6},"end":{"line":124,"column":38}},"36":{"start":{"line":125,"column":6},"end":{"line":125,"column":59}},"37":{"start":{"line":125,"column":42},"end":{"line":125,"column":57}},"38":{"start":{"line":127,"column":9},"end":{"line":134,"column":null}},"39":{"start":{"line":128,"column":4},"end":{"line":133,"column":null}},"40":{"start":{"line":129,"column":6},"end":{"line":129,"column":59}},"41":{"start":{"line":129,"column":42},"end":{"line":129,"column":57}},"42":{"start":{"line":131,"column":6},"end":{"line":131,"column":42}},"43":{"start":{"line":132,"column":6},"end":{"line":132,"column":55}},"44":{"start":{"line":132,"column":38},"end":{"line":132,"column":53}},"45":{"start":{"line":136,"column":21},"end":{"line":147,"column":4}},"46":{"start":{"line":148,"column":2},"end":{"line":148,"column":20}},"47":{"start":{"line":158,"column":2},"end":{"line":158,"column":17}}},"fnMap":{"0":{"name":"(anonymous_9)","decl":{"start":{"line":157,"column":2},"end":{"line":157,"column":18}},"loc":{"start":{"line":157,"column":2},"end":{"line":8,"column":null}}},"1":{"name":"saveExpenseToDb","decl":{"start":{"line":13,"column":15},"end":{"line":13,"column":30}},"loc":{"start":{"line":16,"column":35},"end":{"line":40,"column":null}}},"2":{"name":"updateExpenseinDb","decl":{"start":{"line":42,"column":15},"end":{"line":42,"column":32}},"loc":{"start":{"line":46,"column":35},"end":{"line":74,"column":null}}},"3":{"name":"getExpenseFromDB","decl":{"start":{"line":76,"column":15},"end":{"line":76,"column":31}},"loc":{"start":{"line":76,"column":42},"end":{"line":86,"column":null}}},"4":{"name":"deleteExpenseFromDB","decl":{"start":{"line":88,"column":15},"end":{"line":88,"column":34}},"loc":{"start":{"line":88,"column":71},"end":{"line":102,"column":null}}},"5":{"name":"addUserVoteToDb","decl":{"start":{"line":105,"column":15},"end":{"line":105,"column":30}},"loc":{"start":{"line":109,"column":21},"end":{"line":149,"column":null}}},"6":{"name":"(anonymous_20)","decl":{"start":{"line":122,"column":31},"end":{"line":122,"column":34}},"loc":{"start":{"line":122,"column":38},"end":{"line":122,"column":53}}},"7":{"name":"(anonymous_21)","decl":{"start":{"line":125,"column":35},"end":{"line":125,"column":38}},"loc":{"start":{"line":125,"column":42},"end":{"line":125,"column":57}}},"8":{"name":"(anonymous_22)","decl":{"start":{"line":129,"column":35},"end":{"line":129,"column":38}},"loc":{"start":{"line":129,"column":42},"end":{"line":129,"column":57}}},"9":{"name":"(anonymous_23)","decl":{"start":{"line":132,"column":31},"end":{"line":132,"column":34}},"loc":{"start":{"line":132,"column":38},"end":{"line":132,"column":53}}}},"branchMap":{"0":{"loc":{"start":{"line":21,"column":44},"end":{"line":22,"column":55}},"type":"binary-expr","locations":[{"start":{"line":21,"column":44},"end":{"line":21,"column":101}},{"start":{"line":22,"column":7},"end":{"line":22,"column":54}}]},"1":{"loc":{"start":{"line":51,"column":42},"end":{"line":52,"column":55}},"type":"binary-expr","locations":[{"start":{"line":51,"column":42},"end":{"line":51,"column":99}},{"start":{"line":52,"column":7},"end":{"line":52,"column":54}}]},"2":{"loc":{"start":{"line":53,"column":2},"end":{"line":55,"column":null}},"type":"if","locations":[{"start":{"line":53,"column":2},"end":{"line":55,"column":null}}]},"3":{"loc":{"start":{"line":99,"column":2},"end":{"line":99,"column":76}},"type":"if","locations":[{"start":{"line":99,"column":2},"end":{"line":99,"column":76}}]},"4":{"loc":{"start":{"line":99,"column":7},"end":{"line":99,"column":32}},"type":"cond-expr","locations":[{"start":{"line":99,"column":15},"end":{"line":99,"column":17}},{"start":{"line":99,"column":7},"end":{"line":99,"column":32}}]},"5":{"loc":{"start":{"line":99,"column":7},"end":{"line":99,"column":17}},"type":"binary-expr","locations":[{"start":{"line":99,"column":7},"end":{"line":99,"column":17}},{"start":{"line":99,"column":7},"end":{"line":99,"column":17}}]},"6":{"loc":{"start":{"line":117,"column":26},"end":{"line":117,"column":48}},"type":"binary-expr","locations":[{"start":{"line":117,"column":26},"end":{"line":117,"column":42}},{"start":{"line":117,"column":46},"end":{"line":117,"column":48}}]},"7":{"loc":{"start":{"line":117,"column":26},"end":{"line":117,"column":42}},"type":"cond-expr","locations":[{"start":{"line":117,"column":33},"end":{"line":117,"column":35}},{"start":{"line":117,"column":26},"end":{"line":117,"column":42}}]},"8":{"loc":{"start":{"line":117,"column":26},"end":{"line":117,"column":35}},"type":"binary-expr","locations":[{"start":{"line":117,"column":26},"end":{"line":117,"column":35}},{"start":{"line":117,"column":26},"end":{"line":117,"column":35}}]},"9":{"loc":{"start":{"line":118,"column":28},"end":{"line":118,"column":52}},"type":"binary-expr","locations":[{"start":{"line":118,"column":28},"end":{"line":118,"column":46}},{"start":{"line":118,"column":50},"end":{"line":118,"column":52}}]},"10":{"loc":{"start":{"line":118,"column":28},"end":{"line":118,"column":46}},"type":"cond-expr","locations":[{"start":{"line":118,"column":35},"end":{"line":118,"column":37}},{"start":{"line":118,"column":28},"end":{"line":118,"column":46}}]},"11":{"loc":{"start":{"line":118,"column":28},"end":{"line":118,"column":37}},"type":"binary-expr","locations":[{"start":{"line":118,"column":28},"end":{"line":118,"column":37}},{"start":{"line":118,"column":28},"end":{"line":118,"column":37}}]},"12":{"loc":{"start":{"line":120,"column":2},"end":{"line":134,"column":null}},"type":"if","locations":[{"start":{"line":120,"column":2},"end":{"line":134,"column":null}},{"start":{"line":127,"column":9},"end":{"line":134,"column":null}}]},"13":{"loc":{"start":{"line":121,"column":4},"end":{"line":126,"column":null}},"type":"if","locations":[{"start":{"line":121,"column":4},"end":{"line":126,"column":null}},{"start":{"line":123,"column":11},"end":{"line":126,"column":null}}]},"14":{"loc":{"start":{"line":121,"column":8},"end":{"line":121,"column":43}},"type":"cond-expr","locations":[{"start":{"line":121,"column":24},"end":{"line":121,"column":26}},{"start":{"line":121,"column":24},"end":{"line":121,"column":43}}]},"15":{"loc":{"start":{"line":121,"column":8},"end":{"line":121,"column":26}},"type":"binary-expr","locations":[{"start":{"line":121,"column":8},"end":{"line":121,"column":26}},{"start":{"line":121,"column":24},"end":{"line":121,"column":26}}]},"16":{"loc":{"start":{"line":121,"column":8},"end":{"line":121,"column":24}},"type":"cond-expr","locations":[{"start":{"line":121,"column":15},"end":{"line":121,"column":17}},{"start":{"line":121,"column":8},"end":{"line":121,"column":24}}]},"17":{"loc":{"start":{"line":121,"column":8},"end":{"line":121,"column":17}},"type":"binary-expr","locations":[{"start":{"line":121,"column":8},"end":{"line":121,"column":17}},{"start":{"line":121,"column":8},"end":{"line":121,"column":17}}]},"18":{"loc":{"start":{"line":127,"column":9},"end":{"line":134,"column":null}},"type":"if","locations":[{"start":{"line":127,"column":9},"end":{"line":134,"column":null}}]},"19":{"loc":{"start":{"line":128,"column":4},"end":{"line":133,"column":null}},"type":"if","locations":[{"start":{"line":128,"column":4},"end":{"line":133,"column":null}},{"start":{"line":130,"column":11},"end":{"line":133,"column":null}}]},"20":{"loc":{"start":{"line":128,"column":8},"end":{"line":128,"column":45}},"type":"cond-expr","locations":[{"start":{"line":128,"column":26},"end":{"line":128,"column":28}},{"start":{"line":128,"column":26},"end":{"line":128,"column":45}}]},"21":{"loc":{"start":{"line":128,"column":8},"end":{"line":128,"column":28}},"type":"binary-expr","locations":[{"start":{"line":128,"column":8},"end":{"line":128,"column":28}},{"start":{"line":128,"column":26},"end":{"line":128,"column":28}}]},"22":{"loc":{"start":{"line":128,"column":8},"end":{"line":128,"column":26}},"type":"cond-expr","locations":[{"start":{"line":128,"column":15},"end":{"line":128,"column":17}},{"start":{"line":128,"column":8},"end":{"line":128,"column":26}}]},"23":{"loc":{"start":{"line":128,"column":8},"end":{"line":128,"column":17}},"type":"binary-expr","locations":[{"start":{"line":128,"column":8},"end":{"line":128,"column":17}},{"start":{"line":128,"column":8},"end":{"line":128,"column":17}}]}},"s":{"0":1,"1":1,"2":1,"3":0,"4":0,"5":0,"6":0,"7":0,"8":0,"9":1,"10":0,"11":0,"12":0,"13":0,"14":0,"15":0,"16":0,"17":0,"18":1,"19":0,"20":0,"21":1,"22":0,"23":0,"24":0,"25":0,"26":0,"27":1,"28":0,"29":0,"30":0,"31":0,"32":0,"33":0,"34":0,"35":0,"36":0,"37":0,"38":0,"39":0,"40":0,"41":0,"42":0,"43":0,"44":0,"45":0,"46":0,"47":1},"f":{"0":0,"1":0,"2":0,"3":0,"4":0,"5":0,"6":0,"7":0,"8":0,"9":0},"b":{"0":[0,0],"1":[0,0],"2":[0],"3":[0],"4":[0,0],"5":[0,0],"6":[0,0],"7":[0,0],"8":[0,0],"9":[0,0],"10":[0,0],"11":[0,0],"12":[0,0],"13":[0,0],"14":[0,0],"15":[0,0],"16":[0,0],"17":[0,0],"18":[0],"19":[0,0],"20":[0,0],"21":[0,0],"22":[0,0],"23":[0,0]}}
,"/home/kbogumil/Documents/VSC/codeworks/course/solo-project/BudgetBlocks/server/models/prisma.ts": {"path":"/home/kbogumil/Documents/VSC/codeworks/course/solo-project/BudgetBlocks/server/models/prisma.ts","statementMap":{"0":{"start":{"line":1,"column":0},"end":{"line":1,"column":46}},"1":{"start":{"line":3,"column":15},"end":{"line":3,"column":33}},"2":{"start":{"line":5,"column":0},"end":{"line":5,"column":22}}},"fnMap":{},"branchMap":{},"s":{"0":1,"1":1,"2":1},"f":{},"b":{}}
,"/home/kbogumil/Documents/VSC/codeworks/course/solo-project/BudgetBlocks/server/models/projects.ts": {"path":"/home/kbogumil/Documents/VSC/codeworks/course/solo-project/BudgetBlocks/server/models/projects.ts","statementMap":{"0":{"start":{"line":1,"column":0},"end":{"line":1,"column":30}},"1":{"start":{"line":5,"column":28},"end":{"line":29,"column":null}},"2":{"start":{"line":36,"column":15},"end":{"line":40,"column":4}},"3":{"start":{"line":41,"column":2},"end":{"line":41,"column":31}},"4":{"start":{"line":41,"column":13},"end":{"line":41,"column":31}},"5":{"start":{"line":43,"column":2},"end":{"line":43,"column":30}},"6":{"start":{"line":45,"column":21},"end":{"line":52,"column":null}},"7":{"start":{"line":54,"column":2},"end":{"line":54,"column":20}},"8":{"start":{"line":221,"column":2},"end":{"line":221,"column":17}},"9":{"start":{"line":58,"column":19},"end":{"line":68,"column":4}},"10":{"start":{"line":69,"column":2},"end":{"line":69,"column":18}},"11":{"start":{"line":223,"column":2},"end":{"line":223,"column":19}},"12":{"start":{"line":73,"column":19},"end":{"line":83,"column":4}},"13":{"start":{"line":84,"column":2},"end":{"line":84,"column":18}},"14":{"start":{"line":227,"column":2},"end":{"line":227,"column":29}},"15":{"start":{"line":88,"column":18},"end":{"line":92,"column":null}},"16":{"start":{"line":94,"column":2},"end":{"line":94,"column":17}},"17":{"start":{"line":224,"column":2},"end":{"line":224,"column":18}},"18":{"start":{"line":98,"column":18},"end":{"line":121,"column":4}},"19":{"start":{"line":122,"column":2},"end":{"line":122,"column":17}},"20":{"start":{"line":229,"column":2},"end":{"line":229,"column":24}},"21":{"start":{"line":136,"column":6},"end":{"line":136,"column":15}},"22":{"start":{"line":135,"column":11},"end":{"line":136,"column":6}},"23":{"start":{"line":138,"column":2},"end":{"line":138,"column":63}},"24":{"start":{"line":140,"column":18},"end":{"line":148,"column":null}},"25":{"start":{"line":150,"column":2},"end":{"line":150,"column":17}},"26":{"start":{"line":222,"column":2},"end":{"line":222,"column":19}},"27":{"start":{"line":158,"column":15},"end":{"line":162,"column":4}},"28":{"start":{"line":163,"column":2},"end":{"line":163,"column":53}},"29":{"start":{"line":163,"column":13},"end":{"line":163,"column":53}},"30":{"start":{"line":165,"column":18},"end":{"line":175,"column":null}},"31":{"start":{"line":177,"column":2},"end":{"line":177,"column":17}},"32":{"start":{"line":226,"column":2},"end":{"line":226,"column":18}},"33":{"start":{"line":185,"column":15},"end":{"line":189,"column":4}},"34":{"start":{"line":190,"column":2},"end":{"line":190,"column":53}},"35":{"start":{"line":190,"column":13},"end":{"line":190,"column":53}},"36":{"start":{"line":192,"column":18},"end":{"line":205,"column":null}},"37":{"start":{"line":207,"column":2},"end":{"line":207,"column":17}},"38":{"start":{"line":228,"column":2},"end":{"line":228,"column":20}},"39":{"start":{"line":211,"column":18},"end":{"line":215,"column":null}},"40":{"start":{"line":217,"column":2},"end":{"line":217,"column":17}},"41":{"start":{"line":225,"column":2},"end":{"line":225,"column":22}}},"fnMap":{"0":{"name":"saveProjectToDb","decl":{"start":{"line":31,"column":15},"end":{"line":31,"column":30}},"loc":{"start":{"line":34,"column":35},"end":{"line":55,"column":null}}},"1":{"name":"getProjectsFromDB","decl":{"start":{"line":57,"column":15},"end":{"line":57,"column":32}},"loc":{"start":{"line":57,"column":48},"end":{"line":70,"column":null}}},"2":{"name":"getProjectInvitationsFromDB","decl":{"start":{"line":72,"column":15},"end":{"line":72,"column":42}},"loc":{"start":{"line":72,"column":58},"end":{"line":85,"column":null}}},"3":{"name":"getProjectFromDB","decl":{"start":{"line":87,"column":15},"end":{"line":87,"column":31}},"loc":{"start":{"line":87,"column":42},"end":{"line":95,"column":null}}},"4":{"name":"getProjectPublicFromDB","decl":{"start":{"line":97,"column":15},"end":{"line":97,"column":37}},"loc":{"start":{"line":97,"column":48},"end":{"line":123,"column":null}}},"5":{"name":"updateProjectinDb","decl":{"start":{"line":125,"column":15},"end":{"line":125,"column":32}},"loc":{"start":{"line":128,"column":40},"end":{"line":151,"column":null}}},"6":{"name":"addUserToProject","decl":{"start":{"line":153,"column":15},"end":{"line":153,"column":31}},"loc":{"start":{"line":156,"column":17},"end":{"line":178,"column":null}}},"7":{"name":"acceptInvitationDb","decl":{"start":{"line":180,"column":15},"end":{"line":180,"column":33}},"loc":{"start":{"line":183,"column":19},"end":{"line":208,"column":null}}},"8":{"name":"deleteProjectsFromDB","decl":{"start":{"line":210,"column":15},"end":{"line":210,"column":35}},"loc":{"start":{"line":210,"column":53},"end":{"line":218,"column":null}}}},"branchMap":{"0":{"loc":{"start":{"line":41,"column":2},"end":{"line":41,"column":31}},"type":"if","locations":[{"start":{"line":41,"column":2},"end":{"line":41,"column":31}}]},"1":{"loc":{"start":{"line":163,"column":2},"end":{"line":163,"column":53}},"type":"if","locations":[{"start":{"line":163,"column":2},"end":{"line":163,"column":53}}]},"2":{"loc":{"start":{"line":190,"column":2},"end":{"line":190,"column":53}},"type":"if","locations":[{"start":{"line":190,"column":2},"end":{"line":190,"column":53}}]}},"s":{"0":1,"1":1,"2":0,"3":0,"4":0,"5":0,"6":0,"7":0,"8":1,"9":0,"10":0,"11":1,"12":0,"13":0,"14":1,"15":0,"16":0,"17":1,"18":0,"19":0,"20":1,"21":0,"22":0,"23":0,"24":0,"25":0,"26":1,"27":0,"28":0,"29":0,"30":0,"31":0,"32":1,"33":0,"34":0,"35":0,"36":0,"37":0,"38":1,"39":0,"40":0,"41":1},"f":{"0":0,"1":0,"2":0,"3":0,"4":0,"5":0,"6":0,"7":0,"8":0},"b":{"0":[0],"1":[0],"2":[0]}}
,"/home/kbogumil/Documents/VSC/codeworks/course/solo-project/BudgetBlocks/server/models/users.ts": {"path":"/home/kbogumil/Documents/VSC/codeworks/course/solo-project/BudgetBlocks/server/models/users.ts","statementMap":{"0":{"start":{"line":1,"column":0},"end":{"line":1,"column":30}},"1":{"start":{"line":5,"column":18},"end":{"line":10,"column":4}},"2":{"start":{"line":11,"column":2},"end":{"line":11,"column":17}},"3":{"start":{"line":24,"column":2},"end":{"line":24,"column":14}},"4":{"start":{"line":15,"column":15},"end":{"line":19,"column":4}},"5":{"start":{"line":20,"column":2},"end":{"line":20,"column":14}},"6":{"start":{"line":25,"column":2},"end":{"line":25,"column":15}}},"fnMap":{"0":{"name":"saveUserToDb","decl":{"start":{"line":4,"column":15},"end":{"line":4,"column":27}},"loc":{"start":{"line":4,"column":56},"end":{"line":12,"column":null}}},"1":{"name":"getUserFromDB","decl":{"start":{"line":14,"column":15},"end":{"line":14,"column":28}},"loc":{"start":{"line":14,"column":44},"end":{"line":21,"column":null}}}},"branchMap":{},"s":{"0":1,"1":0,"2":0,"3":1,"4":0,"5":0,"6":1},"f":{"0":0,"1":0},"b":{}}
}
