TN:
SF:index.ts
FN:48,(anonymous_7)
FN:75,(anonymous_8)
FNF:2
FNH:1
FNDA:1,(anonymous_7)
FNDA:0,(anonymous_8)
DA:1,1
DA:2,1
DA:3,1
DA:4,1
DA:5,1
DA:6,1
DA:7,1
DA:8,1
DA:10,1
DA:12,1
DA:13,1
DA:15,1
DA:17,1
DA:18,1
DA:20,1
DA:24,1
DA:26,1
DA:43,1
DA:44,1
DA:45,1
DA:46,1
DA:48,1
DA:49,1
DA:50,1
DA:51,1
DA:54,1
DA:55,1
DA:56,1
DA:58,1
DA:68,1
DA:70,1
DA:72,1
DA:73,1
DA:75,1
DA:76,0
DA:80,1
LF:36
LH:35
BRDA:17,0,0,1
BRDA:17,0,1,0
BRF:2
BRH:1
end_of_record
TN:
SF:router.ts
FNF:0
FNH:0
DA:1,1
DA:3,1
DA:7,1
DA:12,1
DA:23,1
DA:31,1
DA:37,1
DA:41,1
DA:45,1
DA:50,1
DA:62,1
DA:64,1
DA:65,1
DA:67,1
DA:68,1
DA:69,1
DA:70,1
DA:72,1
DA:73,1
DA:74,1
DA:75,1
DA:77,1
DA:78,1
DA:80,1
DA:82,1
DA:83,1
DA:84,1
DA:86,1
DA:88,1
DA:89,1
DA:91,1
DA:93,1
DA:94,1
DA:96,1
LF:34
LH:34
BRF:0
BRH:0
end_of_record
TN:
SF:controllers/categories.ts
FN:8,changeOrderId
FNF:1
FNH:0
FNDA:0,changeOrderId
DA:4,1
DA:13,0
DA:14,0
DA:15,0
DA:16,0
DA:17,0
DA:18,0
DA:20,0
DA:21,0
DA:26,1
LF:10
LH:2
BRF:0
BRH:0
end_of_record
TN:
SF:controllers/comments.ts
FN:11,getAllComments
FN:23,saveComment
FN:42,deleteComment
FNF:3
FNH:0
FNDA:0,getAllComments
FNDA:0,saveComment
FNDA:0,deleteComment
DA:4,1
DA:9,1
DA:12,0
DA:13,0
DA:14,0
DA:15,0
DA:16,0
DA:18,0
DA:19,0
DA:24,0
DA:25,0
DA:26,0
DA:28,0
DA:29,0
DA:30,0
DA:32,0
DA:34,0
DA:35,0
DA:37,0
DA:38,0
DA:43,0
DA:44,0
DA:45,0
DA:46,0
DA:47,0
DA:49,0
DA:50,0
DA:55,1
DA:56,1
DA:57,1
LF:30
LH:5
BRDA:28,0,0,0
BRDA:28,0,1,0
BRDA:28,1,0,0
BRDA:28,1,1,0
BRDA:28,2,0,0
BRDA:28,2,1,0
BRDA:30,3,0,0
BRDA:30,3,1,0
BRDA:30,4,0,0
BRDA:30,4,1,0
BRDA:30,5,0,0
BRDA:30,5,1,0
BRF:12
BRH:0
end_of_record
TN:
SF:controllers/currencies.ts
FN:20,getCurrencyRates
FN:25,(anonymous_15)
FN:26,(anonymous_16)
FNF:3
FNH:0
FNDA:0,getCurrencyRates
FNDA:0,(anonymous_15)
FNDA:0,(anonymous_16)
DA:2,1
DA:3,1
DA:5,1
DA:6,1
DA:8,1
DA:9,1
DA:11,1
DA:21,0
DA:22,0
DA:24,0
DA:25,0
DA:26,0
DA:29,0
DA:31,0
DA:32,0
DA:34,0
DA:35,0
DA:40,1
LF:18
LH:8
BRDA:25,0,0,0
BRDA:25,0,1,0
BRDA:29,1,0,0
BRDA:29,2,0,0
BRDA:29,2,1,0
BRF:5
BRH:0
end_of_record
TN:
SF:controllers/expenses.ts
FN:12,saveExpense
FN:31,getExpense
FN:43,editExpense
FN:61,deleteExpense
FN:74,vote
FNF:5
FNH:0
FNDA:0,saveExpense
FNDA:0,getExpense
FNDA:0,editExpense
FNDA:0,deleteExpense
FNDA:0,vote
DA:4,1
DA:17,0
DA:18,0
DA:19,0
DA:21,0
DA:23,0
DA:24,0
DA:26,0
DA:27,0
DA:32,0
DA:33,0
DA:34,0
DA:35,0
DA:36,0
DA:38,0
DA:39,0
DA:48,0
DA:49,0
DA:50,0
DA:51,0
DA:52,0
DA:53,0
DA:54,0
DA:56,0
DA:57,0
DA:62,0
DA:63,0
DA:64,0
DA:65,0
DA:66,0
DA:67,0
DA:69,0
DA:70,0
DA:75,0
DA:76,0
DA:77,0
DA:78,0
DA:80,0
DA:81,0
DA:82,0
DA:83,0
DA:85,0
DA:86,0
DA:89,0
DA:90,0
DA:96,1
DA:97,1
DA:98,1
DA:99,1
DA:100,1
LF:50
LH:6
BRDA:78,0,0,0
BRDA:78,0,1,0
BRDA:78,1,0,0
BRDA:78,1,1,0
BRDA:78,2,0,0
BRDA:78,2,1,0
BRDA:80,3,0,0
BRDA:80,3,1,0
BRF:8
BRH:0
end_of_record
TN:
SF:controllers/openai.ts
FN:39,getProjectRating
FN:88,getMissingCategories
FNF:2
FNH:0
FNDA:0,getProjectRating
FNDA:0,getMissingCategories
DA:2,1
DA:3,1
DA:5,1
DA:7,1
DA:8,1
DA:10,1
DA:15,1
DA:21,1
DA:26,1
DA:27,1
DA:31,1
DA:44,0
DA:45,0
DA:46,0
DA:47,0
DA:49,0
DA:51,0
DA:52,0
DA:53,0
DA:67,0
DA:68,0
DA:69,0
DA:70,0
DA:71,0
DA:73,0
DA:74,0
DA:75,0
DA:78,0
DA:79,0
DA:83,0
DA:84,0
DA:93,0
DA:94,0
DA:95,0
DA:96,0
DA:98,0
DA:100,0
DA:101,0
DA:102,0
DA:116,0
DA:117,0
DA:118,0
DA:120,0
DA:121,0
DA:122,0
DA:125,0
DA:126,0
DA:129,0
DA:130,0
DA:135,1
DA:136,1
LF:51
LH:13
BRDA:47,0,0,0
BRDA:52,1,0,0
BRDA:52,1,1,0
BRDA:68,2,0,0
BRDA:68,2,1,0
BRDA:96,3,0,0
BRDA:101,4,0,0
BRDA:117,5,0,0
BRDA:117,5,1,0
BRF:9
BRH:0
end_of_record
TN:
SF:controllers/projects.ts
FN:15,saveProject
FN:34,getAllProjects
FN:51,getProjectInvitations
FN:68,getProject
FN:80,editProject
FN:97,deleteProject
FN:109,addUser
FN:128,acceptInvitation
FNF:8
FNH:0
FNDA:0,saveProject
FNDA:0,getAllProjects
FNDA:0,getProjectInvitations
FNDA:0,getProject
FNDA:0,editProject
FNDA:0,deleteProject
FNDA:0,addUser
FNDA:0,acceptInvitation
DA:4,1
DA:20,0
DA:21,0
DA:22,0
DA:24,0
DA:26,0
DA:27,0
DA:29,0
DA:30,0
DA:35,0
DA:36,0
DA:37,0
DA:38,0
DA:39,0
DA:40,0
DA:42,0
DA:43,0
DA:46,0
DA:47,0
DA:52,0
DA:53,0
DA:54,0
DA:55,0
DA:56,0
DA:57,0
DA:59,0
DA:60,0
DA:63,0
DA:64,0
DA:69,0
DA:70,0
DA:71,0
DA:72,0
DA:73,0
DA:75,0
DA:76,0
DA:85,0
DA:86,0
DA:87,0
DA:88,0
DA:89,0
DA:90,0
DA:92,0
DA:93,0
DA:98,0
DA:99,0
DA:100,0
DA:101,0
DA:102,0
DA:104,0
DA:105,0
DA:114,0
DA:115,0
DA:116,0
DA:118,0
DA:120,0
DA:121,0
DA:123,0
DA:124,0
DA:133,0
DA:134,0
DA:135,0
DA:137,0
DA:139,0
DA:140,0
DA:142,0
DA:143,0
DA:149,1
DA:150,1
DA:151,1
DA:152,1
DA:153,1
DA:154,1
DA:155,1
DA:156,1
LF:75
LH:9
BRDA:22,0,0,0
BRDA:22,0,1,0
BRDA:22,1,0,0
BRDA:22,1,1,0
BRDA:22,2,0,0
BRDA:22,2,1,0
BRDA:36,3,0,0
BRDA:36,3,1,0
BRDA:36,4,0,0
BRDA:36,4,1,0
BRDA:36,5,0,0
BRDA:36,5,1,0
BRDA:37,6,0,0
BRDA:37,6,1,0
BRDA:53,7,0,0
BRDA:53,7,1,0
BRDA:53,8,0,0
BRDA:53,8,1,0
BRDA:53,9,0,0
BRDA:53,9,1,0
BRDA:54,10,0,0
BRDA:54,10,1,0
BRDA:135,11,0,0
BRDA:135,11,1,0
BRDA:135,12,0,0
BRDA:135,12,1,0
BRDA:135,13,0,0
BRDA:135,13,1,0
BRF:28
BRH:0
end_of_record
TN:
SF:controllers/users.ts
FN:6,saveUser
FN:23,getUser
FNF:2
FNH:0
FNDA:0,saveUser
FNDA:0,getUser
DA:4,1
DA:11,0
DA:12,0
DA:13,0
DA:15,0
DA:16,0
DA:18,0
DA:19,0
DA:24,0
DA:25,0
DA:26,0
DA:27,0
DA:28,0
DA:29,0
DA:31,0
DA:32,0
DA:35,0
DA:36,0
DA:41,1
DA:42,1
LF:20
LH:3
BRDA:25,0,0,0
BRDA:25,0,1,0
BRDA:25,1,0,0
BRDA:25,1,1,0
BRDA:25,2,0,0
BRDA:25,2,1,0
BRDA:26,3,0,0
BRDA:26,3,1,0
BRF:8
BRH:0
end_of_record
TN:
SF:middleware/auth0.middleware.ts
FNF:0
FNH:0
DA:1,1
DA:2,1
DA:6,1
DA:8,1
LF:4
LH:4
BRF:0
BRH:0
end_of_record
TN:
SF:middleware/error.middleware.ts
FN:7,(anonymous_0)
FNF:1
FNH:0
FNDA:0,(anonymous_0)
DA:2,1
DA:7,1
DA:12,0
DA:13,0
DA:15,0
DA:17,0
DA:20,0
DA:21,0
DA:23,0
DA:25,0
DA:28,0
DA:29,0
DA:31,0
LF:13
LH:2
BRDA:12,0,0,0
BRDA:20,1,0,0
BRF:2
BRH:0
end_of_record
TN:
SF:middleware/not-found.middleware.ts
FN:3,(anonymous_0)
FNF:1
FNH:0
FNDA:0,(anonymous_0)
DA:3,1
DA:7,0
DA:9,0
LF:3
LH:1
BRF:0
BRH:0
end_of_record
TN:
SF:middleware/sanitize.middleware.ts
FN:4,(anonymous_0)
FN:12,(anonymous_1)
FN:18,(anonymous_2)
FN:26,(anonymous_3)
FN:36,(anonymous_4)
FN:43,(anonymous_5)
FN:50,(anonymous_6)
FN:92,(anonymous_7)
FN:110,validate
FN:120,(anonymous_9)
FNF:10
FNH:8
FNDA:11,(anonymous_0)
FNDA:1,(anonymous_1)
FNDA:1,(anonymous_2)
FNDA:1,(anonymous_3)
FNDA:1,(anonymous_4)
FNDA:1,(anonymous_5)
FNDA:2,(anonymous_6)
FNDA:2,(anonymous_7)
FNDA:0,validate
FNDA:0,(anonymous_9)
DA:2,1
DA:4,1
DA:5,11
DA:12,1
DA:13,1
DA:18,1
DA:19,1
DA:26,1
DA:27,1
DA:36,1
DA:37,1
DA:43,1
DA:44,1
DA:50,1
DA:51,2
DA:92,1
DA:93,2
DA:115,0
DA:116,0
DA:117,0
DA:119,0
DA:120,0
DA:121,0
DA:123,0
DA:129,1
DA:130,1
DA:131,1
DA:132,1
DA:133,1
DA:134,1
DA:135,1
DA:136,1
DA:137,1
LF:33
LH:26
BRDA:116,0,0,0
BRF:1
BRH:0
end_of_record
TN:
SF:models/categories.ts
FN:5,updateCatOrderIdinDb
FN:20,updateCatOptionalinDb
FN:35,getCategoryFromDb
FN:52,saveCategoryToDb
FN:67,deleteCategoryFromDb
FNF:5
FNH:0
FNDA:0,updateCatOrderIdinDb
FNDA:0,updateCatOptionalinDb
FNDA:0,getCategoryFromDb
FNDA:0,saveCategoryToDb
FNDA:0,deleteCategoryFromDb
DA:1,1
DA:6,0
DA:17,0
DA:21,0
DA:32,0
DA:40,0
DA:49,0
DA:53,0
DA:64,0
DA:68,0
DA:73,0
DA:78,1
DA:79,1
DA:80,1
DA:81,1
DA:82,1
LF:16
LH:6
BRF:0
BRH:0
end_of_record
TN:
SF:models/comments.ts
FN:5,getCommentsFromDB
FN:24,(anonymous_10)
FN:30,saveCommentToDb
FN:55,deleteCommentFromDB
FNF:4
FNH:0
FNDA:0,getCommentsFromDB
FNDA:0,(anonymous_10)
FNDA:0,saveCommentToDb
FNDA:0,deleteCommentFromDB
DA:1,1
DA:6,0
DA:23,0
DA:24,0
DA:25,0
DA:27,0
DA:36,0
DA:52,0
DA:56,0
DA:64,0
DA:68,1
DA:69,1
DA:70,1
LF:13
LH:4
BRDA:24,0,0,0
BRDA:24,0,1,0
BRDA:24,1,0,0
BRDA:24,1,1,0
BRF:4
BRH:0
end_of_record
TN:
SF:models/expenses.ts
FN:157,(anonymous_9)
FN:13,saveExpenseToDb
FN:42,updateExpenseinDb
FN:76,getExpenseFromDB
FN:88,deleteExpenseFromDB
FN:105,addUserVoteToDb
FN:122,(anonymous_20)
FN:125,(anonymous_21)
FN:129,(anonymous_22)
FN:132,(anonymous_23)
FNF:10
FNH:0
FNDA:0,(anonymous_9)
FNDA:0,saveExpenseToDb
FNDA:0,updateExpenseinDb
FNDA:0,getExpenseFromDB
FNDA:0,deleteExpenseFromDB
FNDA:0,addUserVoteToDb
FNDA:0,(anonymous_20)
FNDA:0,(anonymous_21)
FNDA:0,(anonymous_22)
FNDA:0,(anonymous_23)
DA:1,1
DA:6,1
DA:18,0
DA:19,0
DA:21,0
DA:24,0
DA:39,0
DA:48,0
DA:49,0
DA:51,0
DA:53,0
DA:54,0
DA:57,0
DA:73,0
DA:77,0
DA:85,0
DA:89,0
DA:98,0
DA:99,0
DA:101,0
DA:111,0
DA:117,0
DA:118,0
DA:120,0
DA:121,0
DA:122,0
DA:124,0
DA:125,0
DA:127,0
DA:128,0
DA:129,0
DA:131,0
DA:132,0
DA:136,0
DA:148,0
DA:153,1
DA:154,1
DA:155,1
DA:156,1
DA:157,1
DA:158,1
LF:41
LH:8
BRDA:21,0,0,0
BRDA:21,0,1,0
BRDA:51,1,0,0
BRDA:51,1,1,0
BRDA:53,2,0,0
BRDA:99,3,0,0
BRDA:99,4,0,0
BRDA:99,4,1,0
BRDA:99,5,0,0
BRDA:99,5,1,0
BRDA:117,6,0,0
BRDA:117,6,1,0
BRDA:117,7,0,0
BRDA:117,7,1,0
BRDA:117,8,0,0
BRDA:117,8,1,0
BRDA:118,9,0,0
BRDA:118,9,1,0
BRDA:118,10,0,0
BRDA:118,10,1,0
BRDA:118,11,0,0
BRDA:118,11,1,0
BRDA:120,12,0,0
BRDA:120,12,1,0
BRDA:121,13,0,0
BRDA:121,13,1,0
BRDA:121,14,0,0
BRDA:121,14,1,0
BRDA:121,15,0,0
BRDA:121,15,1,0
BRDA:121,16,0,0
BRDA:121,16,1,0
BRDA:121,17,0,0
BRDA:121,17,1,0
BRDA:127,18,0,0
BRDA:128,19,0,0
BRDA:128,19,1,0
BRDA:128,20,0,0
BRDA:128,20,1,0
BRDA:128,21,0,0
BRDA:128,21,1,0
BRDA:128,22,0,0
BRDA:128,22,1,0
BRDA:128,23,0,0
BRDA:128,23,1,0
BRF:45
BRH:0
end_of_record
TN:
SF:models/prisma.ts
FNF:0
FNH:0
DA:1,1
DA:3,1
DA:5,1
LF:3
LH:3
BRF:0
BRH:0
end_of_record
TN:
SF:models/projects.ts
FN:31,saveProjectToDb
FN:57,getProjectsFromDB
FN:72,getProjectInvitationsFromDB
FN:87,getProjectFromDB
FN:97,getProjectPublicFromDB
FN:125,updateProjectinDb
FN:153,addUserToProject
FN:180,acceptInvitationDb
FN:210,deleteProjectsFromDB
FNF:9
FNH:0
FNDA:0,saveProjectToDb
FNDA:0,getProjectsFromDB
FNDA:0,getProjectInvitationsFromDB
FNDA:0,getProjectFromDB
FNDA:0,getProjectPublicFromDB
FNDA:0,updateProjectinDb
FNDA:0,addUserToProject
FNDA:0,acceptInvitationDb
FNDA:0,deleteProjectsFromDB
DA:1,1
DA:5,1
DA:36,0
DA:41,0
DA:43,0
DA:45,0
DA:54,0
DA:58,0
DA:69,0
DA:73,0
DA:84,0
DA:88,0
DA:94,0
DA:98,0
DA:122,0
DA:135,0
DA:136,0
DA:138,0
DA:140,0
DA:150,0
DA:158,0
DA:163,0
DA:165,0
DA:177,0
DA:185,0
DA:190,0
DA:192,0
DA:207,0
DA:211,0
DA:217,0
DA:221,1
DA:222,1
DA:223,1
DA:224,1
DA:225,1
DA:226,1
DA:227,1
DA:228,1
DA:229,1
LF:39
LH:11
BRDA:41,0,0,0
BRDA:163,1,0,0
BRDA:190,2,0,0
BRF:3
BRH:0
end_of_record
TN:
SF:models/users.ts
FN:4,saveUserToDb
FN:14,getUserFromDB
FNF:2
FNH:0
FNDA:0,saveUserToDb
FNDA:0,getUserFromDB
DA:1,1
DA:5,0
DA:11,0
DA:15,0
DA:20,0
DA:24,1
DA:25,1
LF:7
LH:3
BRF:0
BRH:0
end_of_record
